{"C:\\Users\\Binu\\Documents\\GitHub\\PhotoSnap\\src\\theme.ts": {"path":"C:\\Users\\Binu\\Documents\\GitHub\\PhotoSnap\\src\\theme.ts","statementMap":{"0":{"start":{"line":1,"column":17},"end":{"line":16,"column":10}},"1":{"start":{"line":18,"column":17},"end":{"line":24,"column":10}}},"fnMap":{},"branchMap":{},"s":{"0":17,"1":17},"f":{},"b":{},"_coverageSchema":"1a1c01bbd47fc00a2c39e90264f33305004495a9","hash":"0eb25420ca41ee15fb842d621ac6356f1222724a"}
,"C:\\Users\\Binu\\Documents\\GitHub\\PhotoSnap\\src\\components\\DateSlider.tsx": {"path":"C:\\Users\\Binu\\Documents\\GitHub\\PhotoSnap\\src\\components\\DateSlider.tsx","statementMap":{"0":{"start":{"line":5,"column":15},"end":{"line":5,"column":17}},"1":{"start":{"line":6,"column":16},"end":{"line":6,"column":17}},"2":{"start":{"line":7,"column":20},"end":{"line":7,"column":36}},"3":{"start":{"line":8,"column":12},"end":{"line":8,"column":22}},"4":{"start":{"line":10,"column":15},"end":{"line":10,"column":88}},"5":{"start":{"line":11,"column":21},"end":{"line":11,"column":45}},"6":{"start":{"line":21,"column":14},"end":{"line":21,"column":38}},"7":{"start":{"line":23,"column":2},"end":{"line":27,"column":9}},"8":{"start":{"line":24,"column":4},"end":{"line":26,"column":11}},"9":{"start":{"line":25,"column":6},"end":{"line":25,"column":76}},"10":{"start":{"line":29,"column":22},"end":{"line":33,"column":30}},"11":{"start":{"line":30,"column":14},"end":{"line":30,"column":43}},"12":{"start":{"line":31,"column":16},"end":{"line":31,"column":79}},"13":{"start":{"line":32,"column":4},"end":{"line":32,"column":18}},"14":{"start":{"line":35,"column":2},"end":{"line":64,"column":4}},"15":{"start":{"line":48,"column":21},"end":{"line":48,"column":48}},"16":{"start":{"line":49,"column":24},"end":{"line":49,"column":63}},"17":{"start":{"line":50,"column":22},"end":{"line":50,"column":43}},"18":{"start":{"line":51,"column":8},"end":{"line":61,"column":10}},"19":{"start":{"line":74,"column":18},"end":{"line":74,"column":59}},"20":{"start":{"line":75,"column":16},"end":{"line":75,"column":82}},"21":{"start":{"line":75,"column":65},"end":{"line":75,"column":81}},"22":{"start":{"line":77,"column":15},"end":{"line":77,"column":34}},"23":{"start":{"line":78,"column":16},"end":{"line":78,"column":32}},"24":{"start":{"line":79,"column":14},"end":{"line":79,"column":29}},"25":{"start":{"line":81,"column":22},"end":{"line":81,"column":60}},"26":{"start":{"line":82,"column":15},"end":{"line":82,"column":92}},"27":{"start":{"line":82,"column":61},"end":{"line":82,"column":91}},"28":{"start":{"line":84,"column":18},"end":{"line":84,"column":58}},"29":{"start":{"line":85,"column":19},"end":{"line":85,"column":24}},"30":{"start":{"line":86,"column":17},"end":{"line":86,"column":51}},"31":{"start":{"line":89,"column":19},"end":{"line":89,"column":50}},"32":{"start":{"line":90,"column":20},"end":{"line":90,"column":39}},"33":{"start":{"line":91,"column":17},"end":{"line":91,"column":40}},"34":{"start":{"line":92,"column":4},"end":{"line":92,"column":50}},"35":{"start":{"line":92,"column":43},"end":{"line":92,"column":50}},"36":{"start":{"line":93,"column":4},"end":{"line":93,"column":19}},"37":{"start":{"line":96,"column":2},"end":{"line":136,"column":4}},"38":{"start":{"line":109,"column":27},"end":{"line":109,"column":53}},"39":{"start":{"line":116,"column":27},"end":{"line":116,"column":47}},"40":{"start":{"line":123,"column":27},"end":{"line":123,"column":65}},"41":{"start":{"line":139,"column":16},"end":{"line":139,"column":18}},"42":{"start":{"line":141,"column":15},"end":{"line":223,"column":2}}},"fnMap":{"0":{"name":"Wheel","decl":{"start":{"line":20,"column":9},"end":{"line":20,"column":14}},"loc":{"start":{"line":20,"column":73},"end":{"line":65,"column":1}},"line":20},"1":{"name":"(anonymous_1)","decl":{"start":{"line":23,"column":12},"end":{"line":23,"column":13}},"loc":{"start":{"line":23,"column":18},"end":{"line":27,"column":3}},"line":23},"2":{"name":"(anonymous_2)","decl":{"start":{"line":24,"column":15},"end":{"line":24,"column":16}},"loc":{"start":{"line":24,"column":21},"end":{"line":26,"column":5}},"line":24},"3":{"name":"(anonymous_3)","decl":{"start":{"line":29,"column":34},"end":{"line":29,"column":35}},"loc":{"start":{"line":29,"column":46},"end":{"line":33,"column":3}},"line":29},"4":{"name":"(anonymous_4)","decl":{"start":{"line":47,"column":17},"end":{"line":47,"column":18}},"loc":{"start":{"line":47,"column":30},"end":{"line":62,"column":7}},"line":47},"5":{"name":"DateSlider","decl":{"start":{"line":73,"column":24},"end":{"line":73,"column":34}},"loc":{"start":{"line":73,"column":76},"end":{"line":137,"column":1}},"line":73},"6":{"name":"(anonymous_6)","decl":{"start":{"line":75,"column":55},"end":{"line":75,"column":56}},"loc":{"start":{"line":75,"column":65},"end":{"line":75,"column":81}},"line":75},"7":{"name":"(anonymous_7)","decl":{"start":{"line":82,"column":51},"end":{"line":82,"column":52}},"loc":{"start":{"line":82,"column":61},"end":{"line":82,"column":91}},"line":82},"8":{"name":"update","decl":{"start":{"line":88,"column":11},"end":{"line":88,"column":17}},"loc":{"start":{"line":88,"column":51},"end":{"line":94,"column":3}},"line":88},"9":{"name":"(anonymous_9)","decl":{"start":{"line":109,"column":20},"end":{"line":109,"column":21}},"loc":{"start":{"line":109,"column":27},"end":{"line":109,"column":53}},"line":109},"10":{"name":"(anonymous_10)","decl":{"start":{"line":116,"column":20},"end":{"line":116,"column":21}},"loc":{"start":{"line":116,"column":27},"end":{"line":116,"column":47}},"line":116},"11":{"name":"(anonymous_11)","decl":{"start":{"line":123,"column":20},"end":{"line":123,"column":21}},"loc":{"start":{"line":123,"column":27},"end":{"line":123,"column":65}},"line":123}},"branchMap":{"0":{"loc":{"start":{"line":20,"column":49},"end":{"line":20,"column":57}},"type":"default-arg","locations":[{"start":{"line":20,"column":56},"end":{"line":20,"column":57}}],"line":20},"1":{"loc":{"start":{"line":49,"column":24},"end":{"line":49,"column":63}},"type":"cond-expr","locations":[{"start":{"line":49,"column":37},"end":{"line":49,"column":38}},{"start":{"line":49,"column":41},"end":{"line":49,"column":63}}],"line":49},"2":{"loc":{"start":{"line":49,"column":41},"end":{"line":49,"column":63}},"type":"cond-expr","locations":[{"start":{"line":49,"column":54},"end":{"line":49,"column":57}},{"start":{"line":49,"column":60},"end":{"line":49,"column":63}}],"line":49},"3":{"loc":{"start":{"line":50,"column":22},"end":{"line":50,"column":43}},"type":"cond-expr","locations":[{"start":{"line":50,"column":35},"end":{"line":50,"column":36}},{"start":{"line":50,"column":39},"end":{"line":50,"column":43}}],"line":50},"4":{"loc":{"start":{"line":55,"column":14},"end":{"line":55,"column":51}},"type":"binary-expr","locations":[{"start":{"line":55,"column":14},"end":{"line":55,"column":24}},{"start":{"line":55,"column":28},"end":{"line":55,"column":51}}],"line":55},"5":{"loc":{"start":{"line":74,"column":19},"end":{"line":74,"column":44}},"type":"binary-expr","locations":[{"start":{"line":74,"column":19},"end":{"line":74,"column":30}},{"start":{"line":74,"column":34},"end":{"line":74,"column":44}}],"line":74},"6":{"loc":{"start":{"line":92,"column":4},"end":{"line":92,"column":50}},"type":"if","locations":[{"start":{"line":92,"column":4},"end":{"line":92,"column":50}},{"start":{},"end":{}}],"line":92},"7":{"loc":{"start":{"line":92,"column":8},"end":{"line":92,"column":41}},"type":"binary-expr","locations":[{"start":{"line":92,"column":8},"end":{"line":92,"column":19}},{"start":{"line":92,"column":23},"end":{"line":92,"column":41}}],"line":92}},"s":{"0":1,"1":1,"2":1,"3":1,"4":1,"5":1,"6":0,"7":0,"8":0,"9":0,"10":0,"11":0,"12":0,"13":0,"14":0,"15":0,"16":0,"17":0,"18":0,"19":0,"20":0,"21":0,"22":0,"23":0,"24":0,"25":0,"26":0,"27":0,"28":0,"29":0,"30":0,"31":0,"32":0,"33":0,"34":0,"35":0,"36":0,"37":0,"38":0,"39":0,"40":0,"41":1,"42":1},"f":{"0":0,"1":0,"2":0,"3":0,"4":0,"5":0,"6":0,"7":0,"8":0,"9":0,"10":0,"11":0},"b":{"0":[0],"1":[0,0],"2":[0,0],"3":[0,0],"4":[0,0],"5":[0,0],"6":[0,0],"7":[0,0]},"_coverageSchema":"1a1c01bbd47fc00a2c39e90264f33305004495a9","hash":"c3043ceb48840777ceab5c7908e9a5119b088a58"}
,"C:\\Users\\Binu\\Documents\\GitHub\\PhotoSnap\\src\\components\\EncryptedImage.tsx": {"path":"C:\\Users\\Binu\\Documents\\GitHub\\PhotoSnap\\src\\components\\EncryptedImage.tsx","statementMap":{"0":{"start":{"line":16,"column":34},"end":{"line":16,"column":63}},"1":{"start":{"line":17,"column":32},"end":{"line":17,"column":46}},"2":{"start":{"line":19,"column":2},"end":{"line":29,"column":12}},"3":{"start":{"line":20,"column":20},"end":{"line":20,"column":25}},"4":{"start":{"line":21,"column":4},"end":{"line":21,"column":21}},"5":{"start":{"line":22,"column":4},"end":{"line":22,"column":22}},"6":{"start":{"line":24,"column":4},"end":{"line":26,"column":59}},"7":{"start":{"line":25,"column":24},"end":{"line":25,"column":81}},"8":{"start":{"line":25,"column":42},"end":{"line":25,"column":60}},"9":{"start":{"line":25,"column":61},"end":{"line":25,"column":79}},"10":{"start":{"line":26,"column":21},"end":{"line":26,"column":55}},"11":{"start":{"line":26,"column":37},"end":{"line":26,"column":55}},"12":{"start":{"line":28,"column":4},"end":{"line":28,"column":39}},"13":{"start":{"line":28,"column":19},"end":{"line":28,"column":36}},"14":{"start":{"line":31,"column":2},"end":{"line":37,"column":3}},"15":{"start":{"line":32,"column":4},"end":{"line":36,"column":6}},"16":{"start":{"line":39,"column":2},"end":{"line":41,"column":3}},"17":{"start":{"line":40,"column":4},"end":{"line":40,"column":56}},"18":{"start":{"line":43,"column":2},"end":{"line":50,"column":4}},"19":{"start":{"line":53,"column":15},"end":{"line":59,"column":2}}},"fnMap":{"0":{"name":"EncryptedImage","decl":{"start":{"line":15,"column":24},"end":{"line":15,"column":38}},"loc":{"start":{"line":15,"column":84},"end":{"line":51,"column":1}},"line":15},"1":{"name":"(anonymous_1)","decl":{"start":{"line":19,"column":12},"end":{"line":19,"column":13}},"loc":{"start":{"line":19,"column":18},"end":{"line":29,"column":3}},"line":19},"2":{"name":"(anonymous_2)","decl":{"start":{"line":25,"column":12},"end":{"line":25,"column":13}},"loc":{"start":{"line":25,"column":22},"end":{"line":25,"column":83}},"line":25},"3":{"name":"(anonymous_3)","decl":{"start":{"line":26,"column":13},"end":{"line":26,"column":14}},"loc":{"start":{"line":26,"column":19},"end":{"line":26,"column":57}},"line":26},"4":{"name":"(anonymous_4)","decl":{"start":{"line":28,"column":11},"end":{"line":28,"column":12}},"loc":{"start":{"line":28,"column":17},"end":{"line":28,"column":38}},"line":28}},"branchMap":{"0":{"loc":{"start":{"line":15,"column":53},"end":{"line":15,"column":73}},"type":"default-arg","locations":[{"start":{"line":15,"column":66},"end":{"line":15,"column":73}}],"line":15},"1":{"loc":{"start":{"line":25,"column":24},"end":{"line":25,"column":81}},"type":"if","locations":[{"start":{"line":25,"column":24},"end":{"line":25,"column":81}},{"start":{},"end":{}}],"line":25},"2":{"loc":{"start":{"line":26,"column":21},"end":{"line":26,"column":55}},"type":"if","locations":[{"start":{"line":26,"column":21},"end":{"line":26,"column":55}},{"start":{},"end":{}}],"line":26},"3":{"loc":{"start":{"line":31,"column":2},"end":{"line":37,"column":3}},"type":"if","locations":[{"start":{"line":31,"column":2},"end":{"line":37,"column":3}},{"start":{},"end":{}}],"line":31},"4":{"loc":{"start":{"line":39,"column":2},"end":{"line":41,"column":3}},"type":"if","locations":[{"start":{"line":39,"column":2},"end":{"line":41,"column":3}},{"start":{},"end":{}}],"line":39}},"s":{"0":9,"1":9,"2":9,"3":5,"4":5,"5":5,"6":5,"7":3,"8":3,"9":3,"10":1,"11":1,"12":5,"13":5,"14":9,"15":5,"16":4,"17":1,"18":3,"19":3},"f":{"0":9,"1":5,"2":3,"3":1,"4":5},"b":{"0":[9],"1":[3,0],"2":[1,0],"3":[5,4],"4":[1,3]},"_coverageSchema":"1a1c01bbd47fc00a2c39e90264f33305004495a9","hash":"20da14dd8f96d360c739856ac97bcc40788f208e"}
,"C:\\Users\\Binu\\Documents\\GitHub\\PhotoSnap\\src\\components\\TabBar.tsx": {"path":"C:\\Users\\Binu\\Documents\\GitHub\\PhotoSnap\\src\\components\\TabBar.tsx","statementMap":{"0":{"start":{"line":9,"column":83},"end":{"line":15,"column":1}},"1":{"start":{"line":18,"column":21},"end":{"line":18,"column":36}},"2":{"start":{"line":19,"column":16},"end":{"line":19,"column":26}},"3":{"start":{"line":20,"column":18},"end":{"line":20,"column":39}},"4":{"start":{"line":22,"column":15},"end":{"line":26,"column":3}},"5":{"start":{"line":23,"column":4},"end":{"line":25,"column":6}},"6":{"start":{"line":28,"column":2},"end":{"line":75,"column":4}},"7":{"start":{"line":32,"column":25},"end":{"line":32,"column":45}},"8":{"start":{"line":33,"column":25},"end":{"line":33,"column":46}},"9":{"start":{"line":35,"column":10},"end":{"line":48,"column":11}},"10":{"start":{"line":36,"column":12},"end":{"line":47,"column":14}},"11":{"start":{"line":40,"column":31},"end":{"line":40,"column":45}},"12":{"start":{"line":50,"column":10},"end":{"line":71,"column":12}},"13":{"start":{"line":54,"column":29},"end":{"line":54,"column":43}},"14":{"start":{"line":78,"column":15},"end":{"line":116,"column":2}}},"fnMap":{"0":{"name":"TabBar","decl":{"start":{"line":17,"column":24},"end":{"line":17,"column":30}},"loc":{"start":{"line":17,"column":84},"end":{"line":76,"column":1}},"line":17},"1":{"name":"(anonymous_1)","decl":{"start":{"line":22,"column":15},"end":{"line":22,"column":16}},"loc":{"start":{"line":22,"column":34},"end":{"line":26,"column":3}},"line":22},"2":{"name":"(anonymous_2)","decl":{"start":{"line":31,"column":18},"end":{"line":31,"column":19}},"loc":{"start":{"line":31,"column":27},"end":{"line":72,"column":9}},"line":31},"3":{"name":"(anonymous_3)","decl":{"start":{"line":40,"column":25},"end":{"line":40,"column":26}},"loc":{"start":{"line":40,"column":31},"end":{"line":40,"column":45}},"line":40},"4":{"name":"(anonymous_4)","decl":{"start":{"line":54,"column":23},"end":{"line":54,"column":24}},"loc":{"start":{"line":54,"column":29},"end":{"line":54,"column":43}},"line":54}},"branchMap":{"0":{"loc":{"start":{"line":17,"column":33},"end":{"line":17,"column":51}},"type":"default-arg","locations":[{"start":{"line":17,"column":50},"end":{"line":17,"column":51}}],"line":17},"1":{"loc":{"start":{"line":35,"column":10},"end":{"line":48,"column":11}},"type":"if","locations":[{"start":{"line":35,"column":10},"end":{"line":48,"column":11}},{"start":{},"end":{}}],"line":35},"2":{"loc":{"start":{"line":43,"column":46},"end":{"line":43,"column":76}},"type":"binary-expr","locations":[{"start":{"line":43,"column":46},"end":{"line":43,"column":52}},{"start":{"line":43,"column":56},"end":{"line":43,"column":76}}],"line":43},"3":{"loc":{"start":{"line":59,"column":25},"end":{"line":59,"column":59}},"type":"cond-expr","locations":[{"start":{"line":59,"column":34},"end":{"line":59,"column":48}},{"start":{"line":59,"column":51},"end":{"line":59,"column":59}}],"line":59},"4":{"loc":{"start":{"line":61,"column":25},"end":{"line":61,"column":53}},"type":"cond-expr","locations":[{"start":{"line":61,"column":34},"end":{"line":61,"column":43}},{"start":{"line":61,"column":46},"end":{"line":61,"column":53}}],"line":61},"5":{"loc":{"start":{"line":63,"column":17},"end":{"line":67,"column":17}},"type":"binary-expr","locations":[{"start":{"line":63,"column":17},"end":{"line":63,"column":42}},{"start":{"line":63,"column":46},"end":{"line":63,"column":64}},{"start":{"line":64,"column":18},"end":{"line":66,"column":25}}],"line":63},"6":{"loc":{"start":{"line":65,"column":52},"end":{"line":65,"column":94}},"type":"cond-expr","locations":[{"start":{"line":65,"column":73},"end":{"line":65,"column":77}},{"start":{"line":65,"column":80},"end":{"line":65,"column":94}}],"line":65},"7":{"loc":{"start":{"line":69,"column":42},"end":{"line":69,"column":70}},"type":"binary-expr","locations":[{"start":{"line":69,"column":42},"end":{"line":69,"column":48}},{"start":{"line":69,"column":52},"end":{"line":69,"column":70}}],"line":69},"8":{"loc":{"start":{"line":83,"column":19},"end":{"line":83,"column":49}},"type":"cond-expr","locations":[{"start":{"line":83,"column":43},"end":{"line":83,"column":45}},{"start":{"line":83,"column":48},"end":{"line":83,"column":49}}],"line":83}},"s":{"0":4,"1":28,"2":28,"3":28,"4":28,"5":4,"6":28,"7":140,"8":140,"9":140,"10":28,"11":0,"12":112,"13":4,"14":4},"f":{"0":28,"1":4,"2":140,"3":0,"4":4},"b":{"0":[5],"1":[28,112],"2":[28,0],"3":[14,98],"4":[14,98],"5":[112,28,8],"6":[0,8],"7":[112,14],"8":[4,0]},"_coverageSchema":"1a1c01bbd47fc00a2c39e90264f33305004495a9","hash":"209cb62ffd223be2af692b015be8168aefe2948c"}
,"C:\\Users\\Binu\\Documents\\GitHub\\PhotoSnap\\src\\constants\\scoring.ts": {"path":"C:\\Users\\Binu\\Documents\\GitHub\\PhotoSnap\\src\\constants\\scoring.ts","statementMap":{"0":{"start":{"line":2,"column":17},"end":{"line":2,"column":37}},"1":{"start":{"line":3,"column":16},"end":{"line":3,"column":35}},"2":{"start":{"line":4,"column":18},"end":{"line":4,"column":100}},"3":{"start":{"line":7,"column":17},"end":{"line":7,"column":72}},"4":{"start":{"line":10,"column":4},"end":{"line":15,"column":14}},"5":{"start":{"line":17,"column":2},"end":{"line":17,"column":36}}},"fnMap":{"0":{"name":"calculateScore","decl":{"start":{"line":1,"column":16},"end":{"line":1,"column":30}},"loc":{"start":{"line":1,"column":122},"end":{"line":18,"column":1}},"line":1}},"branchMap":{"0":{"loc":{"start":{"line":10,"column":4},"end":{"line":15,"column":14}},"type":"cond-expr","locations":[{"start":{"line":10,"column":20},"end":{"line":10,"column":30}},{"start":{"line":11,"column":4},"end":{"line":15,"column":14}}],"line":10},"1":{"loc":{"start":{"line":11,"column":4},"end":{"line":15,"column":14}},"type":"cond-expr","locations":[{"start":{"line":11,"column":20},"end":{"line":11,"column":32}},{"start":{"line":12,"column":4},"end":{"line":15,"column":14}}],"line":11},"2":{"loc":{"start":{"line":12,"column":4},"end":{"line":15,"column":14}},"type":"cond-expr","locations":[{"start":{"line":12,"column":20},"end":{"line":12,"column":27}},{"start":{"line":13,"column":4},"end":{"line":15,"column":14}}],"line":12},"3":{"loc":{"start":{"line":13,"column":4},"end":{"line":15,"column":14}},"type":"cond-expr","locations":[{"start":{"line":13,"column":20},"end":{"line":13,"column":26}},{"start":{"line":14,"column":4},"end":{"line":15,"column":14}}],"line":13},"4":{"loc":{"start":{"line":14,"column":4},"end":{"line":15,"column":14}},"type":"cond-expr","locations":[{"start":{"line":14,"column":20},"end":{"line":14,"column":34}},{"start":{"line":15,"column":4},"end":{"line":15,"column":14}}],"line":14}},"s":{"0":15,"1":15,"2":15,"3":15,"4":15,"5":15},"f":{"0":15},"b":{"0":[1,14],"1":[5,9],"2":[2,7],"3":[0,7],"4":[2,5]},"_coverageSchema":"1a1c01bbd47fc00a2c39e90264f33305004495a9","hash":"fc3d599d7a820ee67c1858f27bc2f7e47ac2a4f1"}
,"C:\\Users\\Binu\\Documents\\GitHub\\PhotoSnap\\src\\lib\\crypto.ts": {"path":"C:\\Users\\Binu\\Documents\\GitHub\\PhotoSnap\\src\\lib\\crypto.ts","statementMap":{"0":{"start":{"line":9,"column":15},"end":{"line":9,"column":17}},"1":{"start":{"line":10,"column":16},"end":{"line":10,"column":20}},"2":{"start":{"line":11,"column":2},"end":{"line":13,"column":3}},"3":{"start":{"line":11,"column":15},"end":{"line":11,"column":16}},"4":{"start":{"line":12,"column":4},"end":{"line":12,"column":67}},"5":{"start":{"line":14,"column":2},"end":{"line":14,"column":22}},"6":{"start":{"line":18,"column":17},"end":{"line":18,"column":26}},"7":{"start":{"line":19,"column":16},"end":{"line":19,"column":45}},"8":{"start":{"line":20,"column":2},"end":{"line":20,"column":74}},"9":{"start":{"line":20,"column":15},"end":{"line":20,"column":16}},"10":{"start":{"line":20,"column":42},"end":{"line":20,"column":74}},"11":{"start":{"line":21,"column":2},"end":{"line":21,"column":15}},"12":{"start":{"line":28,"column":36},"end":{"line":28,"column":40}},"13":{"start":{"line":31,"column":2},"end":{"line":31,"column":36}},"14":{"start":{"line":31,"column":18},"end":{"line":31,"column":36}},"15":{"start":{"line":32,"column":14},"end":{"line":35,"column":3}},"16":{"start":{"line":36,"column":16},"end":{"line":36,"column":34}},"17":{"start":{"line":37,"column":2},"end":{"line":37,"column":84}},"18":{"start":{"line":37,"column":15},"end":{"line":37,"column":16}},"19":{"start":{"line":37,"column":31},"end":{"line":37,"column":84}},"20":{"start":{"line":38,"column":2},"end":{"line":38,"column":21}},"21":{"start":{"line":39,"column":2},"end":{"line":39,"column":15}},"22":{"start":{"line":43,"column":80},"end":{"line":43,"column":92}},"23":{"start":{"line":44,"column":56},"end":{"line":44,"column":68}},"24":{"start":{"line":49,"column":14},"end":{"line":49,"column":38}},"25":{"start":{"line":50,"column":17},"end":{"line":50,"column":51}},"26":{"start":{"line":51,"column":2},"end":{"line":51,"column":20}},"27":{"start":{"line":52,"column":2},"end":{"line":52,"column":33}},"28":{"start":{"line":53,"column":2},"end":{"line":53,"column":16}},"29":{"start":{"line":57,"column":14},"end":{"line":57,"column":37}},"30":{"start":{"line":58,"column":2},"end":{"line":58,"column":44}},"31":{"start":{"line":62,"column":14},"end":{"line":62,"column":36}},"32":{"start":{"line":64,"column":14},"end":{"line":66,"column":4}},"33":{"start":{"line":67,"column":21},"end":{"line":67,"column":39}},"34":{"start":{"line":68,"column":17},"end":{"line":68,"column":37}},"35":{"start":{"line":70,"column":13},"end":{"line":70,"column":53}},"36":{"start":{"line":72,"column":17},"end":{"line":72,"column":55}},"37":{"start":{"line":73,"column":20},"end":{"line":73,"column":42}},"38":{"start":{"line":75,"column":19},"end":{"line":75,"column":56}},"39":{"start":{"line":76,"column":2},"end":{"line":76,"column":22}},"40":{"start":{"line":77,"column":2},"end":{"line":77,"column":30}},"41":{"start":{"line":79,"column":2},"end":{"line":79,"column":33}},"42":{"start":{"line":84,"column":21},"end":{"line":84,"column":46}},"43":{"start":{"line":88,"column":2},"end":{"line":88,"column":73}},"44":{"start":{"line":88,"column":36},"end":{"line":88,"column":73}},"45":{"start":{"line":90,"column":14},"end":{"line":90,"column":36}},"46":{"start":{"line":93,"column":18},"end":{"line":93,"column":68}},"47":{"start":{"line":94,"column":21},"end":{"line":94,"column":72}},"48":{"start":{"line":96,"column":15},"end":{"line":96,"column":56}},"49":{"start":{"line":97,"column":2},"end":{"line":100,"column":3}},"50":{"start":{"line":98,"column":4},"end":{"line":98,"column":45}},"51":{"start":{"line":99,"column":4},"end":{"line":99,"column":22}},"52":{"start":{"line":103,"column":19},"end":{"line":103,"column":73}},"53":{"start":{"line":104,"column":22},"end":{"line":104,"column":62}},"54":{"start":{"line":105,"column":20},"end":{"line":105,"column":30}},"55":{"start":{"line":106,"column":2},"end":{"line":109,"column":3}},"56":{"start":{"line":107,"column":29},"end":{"line":107,"column":101}},"57":{"start":{"line":108,"column":4},"end":{"line":108,"column":58}},"58":{"start":{"line":108,"column":27},"end":{"line":108,"column":58}},"59":{"start":{"line":110,"column":19},"end":{"line":110,"column":72}},"60":{"start":{"line":111,"column":2},"end":{"line":111,"column":86}},"61":{"start":{"line":111,"column":31},"end":{"line":111,"column":86}},"62":{"start":{"line":113,"column":14},"end":{"line":115,"column":4}},"63":{"start":{"line":116,"column":2},"end":{"line":116,"column":63}},"64":{"start":{"line":118,"column":19},"end":{"line":118,"column":37}},"65":{"start":{"line":121,"column":13},"end":{"line":121,"column":34}},"66":{"start":{"line":122,"column":22},"end":{"line":122,"column":40}},"67":{"start":{"line":125,"column":17},"end":{"line":125,"column":55}},"68":{"start":{"line":126,"column":26},"end":{"line":126,"column":53}},"69":{"start":{"line":127,"column":20},"end":{"line":127,"column":47}},"70":{"start":{"line":130,"column":2},"end":{"line":132,"column":5}},"71":{"start":{"line":134,"column":2},"end":{"line":134,"column":43}},"72":{"start":{"line":135,"column":2},"end":{"line":135,"column":20}},"73":{"start":{"line":139,"column":2},"end":{"line":139,"column":23}}},"fnMap":{"0":{"name":"bytesToBase64","decl":{"start":{"line":8,"column":9},"end":{"line":8,"column":22}},"loc":{"start":{"line":8,"column":50},"end":{"line":15,"column":1}},"line":8},"1":{"name":"base64ToBytes","decl":{"start":{"line":17,"column":9},"end":{"line":17,"column":22}},"loc":{"start":{"line":17,"column":48},"end":{"line":22,"column":1}},"line":17},"2":{"name":"getOrCreateKey","decl":{"start":{"line":30,"column":22},"end":{"line":30,"column":36}},"loc":{"start":{"line":30,"column":60},"end":{"line":40,"column":1}},"line":30},"3":{"name":"backupKey","decl":{"start":{"line":42,"column":22},"end":{"line":42,"column":31}},"loc":{"start":{"line":42,"column":64},"end":{"line":42,"column":66}},"line":42},"4":{"name":"restoreKeyFromBackup","decl":{"start":{"line":43,"column":22},"end":{"line":43,"column":42}},"loc":{"start":{"line":43,"column":78},"end":{"line":43,"column":94}},"line":43},"5":{"name":"hasLocalKey","decl":{"start":{"line":44,"column":22},"end":{"line":44,"column":33}},"loc":{"start":{"line":44,"column":54},"end":{"line":44,"column":70}},"line":44},"6":{"name":"pkcs7Pad","decl":{"start":{"line":48,"column":9},"end":{"line":48,"column":17}},"loc":{"start":{"line":48,"column":49},"end":{"line":54,"column":1}},"line":48},"7":{"name":"pkcs7Strip","decl":{"start":{"line":56,"column":9},"end":{"line":56,"column":19}},"loc":{"start":{"line":56,"column":51},"end":{"line":59,"column":1}},"line":56},"8":{"name":"encryptFileToBase64","decl":{"start":{"line":61,"column":22},"end":{"line":61,"column":41}},"loc":{"start":{"line":61,"column":77},"end":{"line":80,"column":1}},"line":61},"9":{"name":"decryptToLocalUri","decl":{"start":{"line":86,"column":22},"end":{"line":86,"column":39}},"loc":{"start":{"line":86,"column":77},"end":{"line":136,"column":1}},"line":86},"10":{"name":"clearDecryptCache","decl":{"start":{"line":138,"column":16},"end":{"line":138,"column":33}},"loc":{"start":{"line":138,"column":36},"end":{"line":140,"column":1}},"line":138}},"branchMap":{"0":{"loc":{"start":{"line":31,"column":2},"end":{"line":31,"column":36}},"type":"if","locations":[{"start":{"line":31,"column":2},"end":{"line":31,"column":36}},{"start":{},"end":{}}],"line":31},"1":{"loc":{"start":{"line":88,"column":2},"end":{"line":88,"column":73}},"type":"if","locations":[{"start":{"line":88,"column":2},"end":{"line":88,"column":73}},{"start":{},"end":{}}],"line":88},"2":{"loc":{"start":{"line":97,"column":2},"end":{"line":100,"column":3}},"type":"if","locations":[{"start":{"line":97,"column":2},"end":{"line":100,"column":3}},{"start":{},"end":{}}],"line":97},"3":{"loc":{"start":{"line":106,"column":2},"end":{"line":109,"column":3}},"type":"if","locations":[{"start":{"line":106,"column":2},"end":{"line":109,"column":3}},{"start":{},"end":{}}],"line":106},"4":{"loc":{"start":{"line":108,"column":4},"end":{"line":108,"column":58}},"type":"if","locations":[{"start":{"line":108,"column":4},"end":{"line":108,"column":58}},{"start":{},"end":{}}],"line":108},"5":{"loc":{"start":{"line":111,"column":2},"end":{"line":111,"column":86}},"type":"if","locations":[{"start":{"line":111,"column":2},"end":{"line":111,"column":86}},{"start":{},"end":{}}],"line":111}},"s":{"0":0,"1":0,"2":0,"3":0,"4":0,"5":0,"6":0,"7":0,"8":0,"9":0,"10":0,"11":0,"12":2,"13":0,"14":0,"15":0,"16":0,"17":0,"18":0,"19":0,"20":0,"21":0,"22":0,"23":0,"24":0,"25":0,"26":0,"27":0,"28":0,"29":0,"30":0,"31":0,"32":0,"33":0,"34":0,"35":0,"36":0,"37":0,"38":0,"39":0,"40":0,"41":0,"42":2,"43":0,"44":0,"45":0,"46":0,"47":0,"48":0,"49":0,"50":0,"51":0,"52":0,"53":0,"54":0,"55":0,"56":0,"57":0,"58":0,"59":0,"60":0,"61":0,"62":0,"63":0,"64":0,"65":0,"66":0,"67":0,"68":0,"69":0,"70":0,"71":0,"72":0,"73":0},"f":{"0":0,"1":0,"2":0,"3":0,"4":0,"5":0,"6":0,"7":0,"8":0,"9":0,"10":0},"b":{"0":[0,0],"1":[0,0],"2":[0,0],"3":[0,0],"4":[0,0],"5":[0,0]},"_coverageSchema":"1a1c01bbd47fc00a2c39e90264f33305004495a9","hash":"3e0634083b89e97131ca74e3bc2571bfeede7c96"}
,"C:\\Users\\Binu\\Documents\\GitHub\\PhotoSnap\\src\\lib\\dates.ts": {"path":"C:\\Users\\Binu\\Documents\\GitHub\\PhotoSnap\\src\\lib\\dates.ts","statementMap":{"0":{"start":{"line":2,"column":12},"end":{"line":2,"column":30}},"1":{"start":{"line":3,"column":12},"end":{"line":3,"column":56}},"2":{"start":{"line":4,"column":12},"end":{"line":4,"column":51}},"3":{"start":{"line":5,"column":2},"end":{"line":5,"column":26}},"4":{"start":{"line":9,"column":12},"end":{"line":9,"column":26}},"5":{"start":{"line":10,"column":2},"end":{"line":10,"column":25}},"6":{"start":{"line":11,"column":2},"end":{"line":11,"column":11}}},"fnMap":{"0":{"name":"toLocalDateString","decl":{"start":{"line":1,"column":16},"end":{"line":1,"column":33}},"loc":{"start":{"line":1,"column":54},"end":{"line":6,"column":1}},"line":1},"1":{"name":"localMidnight","decl":{"start":{"line":8,"column":16},"end":{"line":8,"column":29}},"loc":{"start":{"line":8,"column":55},"end":{"line":12,"column":1}},"line":8}},"branchMap":{"0":{"loc":{"start":{"line":8,"column":30},"end":{"line":8,"column":47}},"type":"default-arg","locations":[{"start":{"line":8,"column":37},"end":{"line":8,"column":47}}],"line":8}},"s":{"0":6,"1":6,"2":6,"3":6,"4":11,"5":11,"6":11},"f":{"0":6,"1":11},"b":{"0":[9]},"_coverageSchema":"1a1c01bbd47fc00a2c39e90264f33305004495a9","hash":"c4ff0a966fe96f0dc0175b4e50767c1aa4ca59a9"}
,"C:\\Users\\Binu\\Documents\\GitHub\\PhotoSnap\\src\\lib\\notifications.ts": {"path":"C:\\Users\\Binu\\Documents\\GitHub\\PhotoSnap\\src\\lib\\notifications.ts","statementMap":{"0":{"start":{"line":6,"column":0},"end":{"line":14,"column":3}},"1":{"start":{"line":7,"column":35},"end":{"line":13,"column":3}},"2":{"start":{"line":17,"column":2},"end":{"line":22,"column":3}},"3":{"start":{"line":18,"column":4},"end":{"line":21,"column":7}},"4":{"start":{"line":24,"column":21},"end":{"line":24,"column":58}},"5":{"start":{"line":26,"column":4},"end":{"line":27,"column":60}},"6":{"start":{"line":29,"column":2},"end":{"line":29,"column":23}},"7":{"start":{"line":29,"column":16},"end":{"line":29,"column":23}},"8":{"start":{"line":31,"column":2},"end":{"line":38,"column":3}},"9":{"start":{"line":32,"column":18},"end":{"line":32,"column":46}},"10":{"start":{"line":33,"column":4},"end":{"line":33,"column":31}},"11":{"start":{"line":35,"column":4},"end":{"line":35,"column":46}},"12":{"start":{"line":37,"column":4},"end":{"line":37,"column":54}},"13":{"start":{"line":42,"column":29},"end":{"line":42,"column":58}},"14":{"start":{"line":43,"column":2},"end":{"line":45,"column":3}},"15":{"start":{"line":44,"column":4},"end":{"line":44,"column":81}},"16":{"start":{"line":54,"column":2},"end":{"line":62,"column":5}}},"fnMap":{"0":{"name":"(anonymous_0)","decl":{"start":{"line":7,"column":22},"end":{"line":7,"column":23}},"loc":{"start":{"line":7,"column":35},"end":{"line":13,"column":3}},"line":7},"1":{"name":"registerForPushNotifications","decl":{"start":{"line":16,"column":22},"end":{"line":16,"column":50}},"loc":{"start":{"line":16,"column":68},"end":{"line":39,"column":1}},"line":16},"2":{"name":"savePushToken","decl":{"start":{"line":41,"column":15},"end":{"line":41,"column":28}},"loc":{"start":{"line":41,"column":59},"end":{"line":46,"column":1}},"line":41},"3":{"name":"sendPushNotification","decl":{"start":{"line":48,"column":22},"end":{"line":48,"column":42}},"loc":{"start":{"line":53,"column":17},"end":{"line":63,"column":1}},"line":53}},"branchMap":{"0":{"loc":{"start":{"line":17,"column":2},"end":{"line":22,"column":3}},"type":"if","locations":[{"start":{"line":17,"column":2},"end":{"line":22,"column":3}},{"start":{},"end":{}}],"line":17},"1":{"loc":{"start":{"line":26,"column":4},"end":{"line":27,"column":60}},"type":"binary-expr","locations":[{"start":{"line":26,"column":4},"end":{"line":26,"column":59}},{"start":{"line":27,"column":4},"end":{"line":27,"column":60}}],"line":26},"2":{"loc":{"start":{"line":29,"column":2},"end":{"line":29,"column":23}},"type":"if","locations":[{"start":{"line":29,"column":2},"end":{"line":29,"column":23}},{"start":{},"end":{}}],"line":29},"3":{"loc":{"start":{"line":43,"column":2},"end":{"line":45,"column":3}},"type":"if","locations":[{"start":{"line":43,"column":2},"end":{"line":45,"column":3}},{"start":{},"end":{}}],"line":43}},"s":{"0":0,"1":0,"2":0,"3":0,"4":0,"5":0,"6":0,"7":0,"8":0,"9":0,"10":0,"11":0,"12":0,"13":0,"14":0,"15":0,"16":0},"f":{"0":0,"1":0,"2":0,"3":0},"b":{"0":[0,0],"1":[0,0],"2":[0,0],"3":[0,0]}}
,"C:\\Users\\Binu\\Documents\\GitHub\\PhotoSnap\\src\\lib\\supabase.ts": {"path":"C:\\Users\\Binu\\Documents\\GitHub\\PhotoSnap\\src\\lib\\supabase.ts","statementMap":{"0":{"start":{"line":5,"column":20},"end":{"line":5,"column":102}},"1":{"start":{"line":6,"column":24},"end":{"line":6,"column":117}},"2":{"start":{"line":8,"column":24},"end":{"line":15,"column":2}}},"fnMap":{},"branchMap":{"0":{"loc":{"start":{"line":5,"column":20},"end":{"line":5,"column":102}},"type":"binary-expr","locations":[{"start":{"line":5,"column":20},"end":{"line":5,"column":56}},{"start":{"line":5,"column":60},"end":{"line":5,"column":102}}],"line":5},"1":{"loc":{"start":{"line":6,"column":24},"end":{"line":6,"column":117}},"type":"binary-expr","locations":[{"start":{"line":6,"column":24},"end":{"line":6,"column":65}},{"start":{"line":6,"column":69},"end":{"line":6,"column":117}}],"line":6}},"s":{"0":5,"1":5,"2":5},"f":{},"b":{"0":[5,5],"1":[5,5]},"_coverageSchema":"1a1c01bbd47fc00a2c39e90264f33305004495a9","hash":"b64ee24da8c1b1617ecf9e36b1a303b1e9492a65"}
,"C:\\Users\\Binu\\Documents\\GitHub\\PhotoSnap\\src\\screens\\auth\\LoginScreen.tsx": {"path":"C:\\Users\\Binu\\Documents\\GitHub\\PhotoSnap\\src\\screens\\auth\\LoginScreen.tsx","statementMap":{"0":{"start":{"line":10,"column":21},"end":{"line":10,"column":43}},"1":{"start":{"line":13,"column":28},"end":{"line":13,"column":40}},"2":{"start":{"line":14,"column":34},"end":{"line":14,"column":46}},"3":{"start":{"line":15,"column":32},"end":{"line":15,"column":47}},"4":{"start":{"line":16,"column":26},"end":{"line":16,"column":65}},"5":{"start":{"line":19,"column":4},"end":{"line":19,"column":21}},"6":{"start":{"line":20,"column":22},"end":{"line":20,"column":81}},"7":{"start":{"line":21,"column":4},"end":{"line":21,"column":51}},"8":{"start":{"line":21,"column":15},"end":{"line":21,"column":51}},"9":{"start":{"line":22,"column":4},"end":{"line":22,"column":22}},"10":{"start":{"line":26,"column":4},"end":{"line":26,"column":21}},"11":{"start":{"line":27,"column":22},"end":{"line":31,"column":6}},"12":{"start":{"line":32,"column":4},"end":{"line":33,"column":111}},"13":{"start":{"line":32,"column":15},"end":{"line":32,"column":51}},"14":{"start":{"line":33,"column":9},"end":{"line":33,"column":111}},"15":{"start":{"line":34,"column":4},"end":{"line":34,"column":22}},"16":{"start":{"line":37,"column":2},"end":{"line":108,"column":4}},"17":{"start":{"line":98,"column":45},"end":{"line":98,"column":93}},"18":{"start":{"line":111,"column":15},"end":{"line":205,"column":2}}},"fnMap":{"0":{"name":"LoginScreen","decl":{"start":{"line":12,"column":24},"end":{"line":12,"column":35}},"loc":{"start":{"line":12,"column":38},"end":{"line":109,"column":1}},"line":12},"1":{"name":"signIn","decl":{"start":{"line":18,"column":17},"end":{"line":18,"column":23}},"loc":{"start":{"line":18,"column":26},"end":{"line":23,"column":3}},"line":18},"2":{"name":"signUp","decl":{"start":{"line":25,"column":17},"end":{"line":25,"column":23}},"loc":{"start":{"line":25,"column":26},"end":{"line":35,"column":3}},"line":25},"3":{"name":"(anonymous_3)","decl":{"start":{"line":98,"column":39},"end":{"line":98,"column":40}},"loc":{"start":{"line":98,"column":45},"end":{"line":98,"column":93}},"line":98}},"branchMap":{"0":{"loc":{"start":{"line":21,"column":4},"end":{"line":21,"column":51}},"type":"if","locations":[{"start":{"line":21,"column":4},"end":{"line":21,"column":51}},{"start":{},"end":{}}],"line":21},"1":{"loc":{"start":{"line":32,"column":4},"end":{"line":33,"column":111}},"type":"if","locations":[{"start":{"line":32,"column":4},"end":{"line":33,"column":111}},{"start":{"line":33,"column":9},"end":{"line":33,"column":111}}],"line":32},"2":{"loc":{"start":{"line":38,"column":56},"end":{"line":38,"column":101}},"type":"cond-expr","locations":[{"start":{"line":38,"column":80},"end":{"line":38,"column":89}},{"start":{"line":38,"column":92},"end":{"line":38,"column":101}}],"line":38},"3":{"loc":{"start":{"line":53,"column":13},"end":{"line":53,"column":66}},"type":"cond-expr","locations":[{"start":{"line":53,"column":33},"end":{"line":53,"column":47}},{"start":{"line":53,"column":50},"end":{"line":53,"column":66}}],"line":53},"4":{"loc":{"start":{"line":84,"column":39},"end":{"line":84,"column":68}},"type":"binary-expr","locations":[{"start":{"line":84,"column":39},"end":{"line":84,"column":46}},{"start":{"line":84,"column":50},"end":{"line":84,"column":68}}],"line":84},"5":{"loc":{"start":{"line":85,"column":21},"end":{"line":85,"column":56}},"type":"cond-expr","locations":[{"start":{"line":85,"column":41},"end":{"line":85,"column":47}},{"start":{"line":85,"column":50},"end":{"line":85,"column":56}}],"line":85},"6":{"loc":{"start":{"line":90,"column":15},"end":{"line":90,"column":90}},"type":"cond-expr","locations":[{"start":{"line":90,"column":25},"end":{"line":90,"column":39}},{"start":{"line":90,"column":42},"end":{"line":90,"column":90}}],"line":90},"7":{"loc":{"start":{"line":90,"column":42},"end":{"line":90,"column":90}},"type":"cond-expr","locations":[{"start":{"line":90,"column":62},"end":{"line":90,"column":71}},{"start":{"line":90,"column":74},"end":{"line":90,"column":90}}],"line":90},"8":{"loc":{"start":{"line":96,"column":15},"end":{"line":96,"column":88}},"type":"cond-expr","locations":[{"start":{"line":96,"column":35},"end":{"line":96,"column":59}},{"start":{"line":96,"column":62},"end":{"line":96,"column":88}}],"line":96},"9":{"loc":{"start":{"line":98,"column":53},"end":{"line":98,"column":92}},"type":"cond-expr","locations":[{"start":{"line":98,"column":73},"end":{"line":98,"column":81}},{"start":{"line":98,"column":84},"end":{"line":98,"column":92}}],"line":98},"10":{"loc":{"start":{"line":100,"column":17},"end":{"line":100,"column":62}},"type":"cond-expr","locations":[{"start":{"line":100,"column":37},"end":{"line":100,"column":48}},{"start":{"line":100,"column":51},"end":{"line":100,"column":62}}],"line":100}},"s":{"0":1,"1":18,"2":18,"3":18,"4":18,"5":1,"6":1,"7":1,"8":0,"9":1,"10":1,"11":1,"12":1,"13":0,"14":1,"15":1,"16":18,"17":4,"18":1},"f":{"0":18,"1":1,"2":1,"3":4},"b":{"0":[0,1],"1":[0,1],"2":[18,0],"3":[11,7],"4":[18,2],"5":[11,7],"6":[2,16],"7":[10,6],"8":[11,7],"9":[3,1],"10":[11,7]},"_coverageSchema":"1a1c01bbd47fc00a2c39e90264f33305004495a9","hash":"a34c21da9a5fcfd744103dead209e00c158f0c19"}
,"C:\\Users\\Binu\\Documents\\GitHub\\PhotoSnap\\src\\screens\\chat\\ChatScreen.tsx": {"path":"C:\\Users\\Binu\\Documents\\GitHub\\PhotoSnap\\src\\screens\\chat\\ChatScreen.tsx","statementMap":{"0":{"start":{"line":27,"column":16},"end":{"line":27,"column":37}},"1":{"start":{"line":28,"column":21},"end":{"line":28,"column":36}},"2":{"start":{"line":29,"column":35},"end":{"line":29,"column":47}},"3":{"start":{"line":31,"column":34},"end":{"line":31,"column":57}},"4":{"start":{"line":32,"column":28},"end":{"line":32,"column":40}},"5":{"start":{"line":33,"column":32},"end":{"line":33,"column":46}},"6":{"start":{"line":34,"column":30},"end":{"line":34,"column":59}},"7":{"start":{"line":35,"column":48},"end":{"line":35,"column":77}},"8":{"start":{"line":36,"column":44},"end":{"line":36,"column":56}},"9":{"start":{"line":37,"column":22},"end":{"line":37,"column":44}},"10":{"start":{"line":39,"column":2},"end":{"line":41,"column":9}},"11":{"start":{"line":40,"column":4},"end":{"line":40,"column":11}},"12":{"start":{"line":44,"column":31},"end":{"line":44,"column":60}},"13":{"start":{"line":45,"column":4},"end":{"line":45,"column":22}},"14":{"start":{"line":45,"column":15},"end":{"line":45,"column":22}},"15":{"start":{"line":46,"column":4},"end":{"line":46,"column":23}},"16":{"start":{"line":48,"column":75},"end":{"line":56,"column":6}},"17":{"start":{"line":58,"column":4},"end":{"line":58,"column":43}},"18":{"start":{"line":59,"column":4},"end":{"line":59,"column":58}},"19":{"start":{"line":60,"column":4},"end":{"line":60,"column":52}},"20":{"start":{"line":61,"column":4},"end":{"line":61,"column":22}},"21":{"start":{"line":64,"column":4},"end":{"line":69,"column":27}},"22":{"start":{"line":72,"column":20},"end":{"line":86,"column":18}},"23":{"start":{"line":80,"column":20},"end":{"line":80,"column":42}},"24":{"start":{"line":81,"column":8},"end":{"line":84,"column":9}},"25":{"start":{"line":82,"column":10},"end":{"line":82,"column":48}},"26":{"start":{"line":82,"column":32},"end":{"line":82,"column":46}},"27":{"start":{"line":83,"column":10},"end":{"line":83,"column":99}},"28":{"start":{"line":88,"column":4},"end":{"line":88,"column":54}},"29":{"start":{"line":88,"column":19},"end":{"line":88,"column":51}},"30":{"start":{"line":92,"column":17},"end":{"line":92,"column":29}},"31":{"start":{"line":93,"column":4},"end":{"line":93,"column":33}},"32":{"start":{"line":93,"column":26},"end":{"line":93,"column":33}},"33":{"start":{"line":94,"column":4},"end":{"line":94,"column":17}},"34":{"start":{"line":96,"column":26},"end":{"line":100,"column":15}},"35":{"start":{"line":102,"column":4},"end":{"line":102,"column":62}},"36":{"start":{"line":102,"column":13},"end":{"line":102,"column":62}},"37":{"start":{"line":102,"column":35},"end":{"line":102,"column":60}},"38":{"start":{"line":104,"column":4},"end":{"line":111,"column":5}},"39":{"start":{"line":105,"column":6},"end":{"line":110,"column":8}},"40":{"start":{"line":114,"column":24},"end":{"line":128,"column":14}},"41":{"start":{"line":115,"column":19},"end":{"line":115,"column":44}},"42":{"start":{"line":116,"column":4},"end":{"line":127,"column":6}},"43":{"start":{"line":130,"column":2},"end":{"line":198,"column":4}},"44":{"start":{"line":136,"column":41},"end":{"line":136,"column":60}},"45":{"start":{"line":159,"column":36},"end":{"line":159,"column":43}},"46":{"start":{"line":162,"column":39},"end":{"line":162,"column":92}},"47":{"start":{"line":201,"column":15},"end":{"line":347,"column":2}}},"fnMap":{"0":{"name":"ChatScreen","decl":{"start":{"line":26,"column":24},"end":{"line":26,"column":34}},"loc":{"start":{"line":26,"column":37},"end":{"line":199,"column":1}},"line":26},"1":{"name":"(anonymous_1)","decl":{"start":{"line":39,"column":12},"end":{"line":39,"column":13}},"loc":{"start":{"line":39,"column":18},"end":{"line":41,"column":3}},"line":39},"2":{"name":"init","decl":{"start":{"line":43,"column":17},"end":{"line":43,"column":21}},"loc":{"start":{"line":43,"column":24},"end":{"line":89,"column":3}},"line":43},"3":{"name":"(anonymous_3)","decl":{"start":{"line":79,"column":9},"end":{"line":79,"column":10}},"loc":{"start":{"line":79,"column":22},"end":{"line":85,"column":7}},"line":79},"4":{"name":"(anonymous_4)","decl":{"start":{"line":82,"column":22},"end":{"line":82,"column":23}},"loc":{"start":{"line":82,"column":32},"end":{"line":82,"column":46}},"line":82},"5":{"name":"(anonymous_5)","decl":{"start":{"line":88,"column":11},"end":{"line":88,"column":12}},"loc":{"start":{"line":88,"column":17},"end":{"line":88,"column":53}},"line":88},"6":{"name":"sendMessage","decl":{"start":{"line":91,"column":17},"end":{"line":91,"column":28}},"loc":{"start":{"line":91,"column":31},"end":{"line":112,"column":3}},"line":91},"7":{"name":"(anonymous_7)","decl":{"start":{"line":102,"column":25},"end":{"line":102,"column":26}},"loc":{"start":{"line":102,"column":35},"end":{"line":102,"column":60}},"line":102},"8":{"name":"(anonymous_8)","decl":{"start":{"line":114,"column":36},"end":{"line":114,"column":37}},"loc":{"start":{"line":114,"column":69},"end":{"line":128,"column":3}},"line":114},"9":{"name":"(anonymous_9)","decl":{"start":{"line":136,"column":35},"end":{"line":136,"column":36}},"loc":{"start":{"line":136,"column":41},"end":{"line":136,"column":60}},"line":136},"10":{"name":"(anonymous_10)","decl":{"start":{"line":159,"column":26},"end":{"line":159,"column":27}},"loc":{"start":{"line":159,"column":36},"end":{"line":159,"column":43}},"line":159},"11":{"name":"(anonymous_11)","decl":{"start":{"line":162,"column":33},"end":{"line":162,"column":34}},"loc":{"start":{"line":162,"column":39},"end":{"line":162,"column":92}},"line":162}},"branchMap":{"0":{"loc":{"start":{"line":45,"column":4},"end":{"line":45,"column":22}},"type":"if","locations":[{"start":{"line":45,"column":4},"end":{"line":45,"column":22}},{"start":{},"end":{}}],"line":45},"1":{"loc":{"start":{"line":58,"column":16},"end":{"line":58,"column":41}},"type":"binary-expr","locations":[{"start":{"line":58,"column":17},"end":{"line":58,"column":34}},{"start":{"line":58,"column":39},"end":{"line":58,"column":41}}],"line":58},"2":{"loc":{"start":{"line":59,"column":23},"end":{"line":59,"column":56}},"type":"binary-expr","locations":[{"start":{"line":59,"column":23},"end":{"line":59,"column":48}},{"start":{"line":59,"column":52},"end":{"line":59,"column":56}}],"line":59},"3":{"loc":{"start":{"line":60,"column":21},"end":{"line":60,"column":50}},"type":"binary-expr","locations":[{"start":{"line":60,"column":21},"end":{"line":60,"column":44}},{"start":{"line":60,"column":48},"end":{"line":60,"column":50}}],"line":60},"4":{"loc":{"start":{"line":81,"column":8},"end":{"line":84,"column":9}},"type":"if","locations":[{"start":{"line":81,"column":8},"end":{"line":84,"column":9}},{"start":{},"end":{}}],"line":81},"5":{"loc":{"start":{"line":93,"column":4},"end":{"line":93,"column":33}},"type":"if","locations":[{"start":{"line":93,"column":4},"end":{"line":93,"column":33}},{"start":{},"end":{}}],"line":93},"6":{"loc":{"start":{"line":93,"column":8},"end":{"line":93,"column":24}},"type":"binary-expr","locations":[{"start":{"line":93,"column":8},"end":{"line":93,"column":13}},{"start":{"line":93,"column":17},"end":{"line":93,"column":24}}],"line":93},"7":{"loc":{"start":{"line":102,"column":4},"end":{"line":102,"column":62}},"type":"if","locations":[{"start":{"line":102,"column":4},"end":{"line":102,"column":62}},{"start":{},"end":{}}],"line":102},"8":{"loc":{"start":{"line":104,"column":4},"end":{"line":111,"column":5}},"type":"if","locations":[{"start":{"line":104,"column":4},"end":{"line":111,"column":5}},{"start":{},"end":{}}],"line":104},"9":{"loc":{"start":{"line":107,"column":8},"end":{"line":107,"column":38}},"type":"binary-expr","locations":[{"start":{"line":107,"column":8},"end":{"line":107,"column":21}},{"start":{"line":107,"column":25},"end":{"line":107,"column":38}}],"line":107},"10":{"loc":{"start":{"line":117,"column":35},"end":{"line":117,"column":83}},"type":"cond-expr","locations":[{"start":{"line":117,"column":44},"end":{"line":117,"column":61}},{"start":{"line":117,"column":64},"end":{"line":117,"column":83}}],"line":117},"11":{"loc":{"start":{"line":118,"column":37},"end":{"line":118,"column":85}},"type":"cond-expr","locations":[{"start":{"line":118,"column":46},"end":{"line":118,"column":63}},{"start":{"line":118,"column":66},"end":{"line":118,"column":85}}],"line":118},"12":{"loc":{"start":{"line":119,"column":43},"end":{"line":119,"column":99}},"type":"cond-expr","locations":[{"start":{"line":119,"column":52},"end":{"line":119,"column":73}},{"start":{"line":119,"column":76},"end":{"line":119,"column":99}}],"line":119},"13":{"loc":{"start":{"line":123,"column":38},"end":{"line":123,"column":88}},"type":"cond-expr","locations":[{"start":{"line":123,"column":47},"end":{"line":123,"column":65}},{"start":{"line":123,"column":68},"end":{"line":123,"column":88}}],"line":123},"14":{"loc":{"start":{"line":141,"column":52},"end":{"line":141,"column":72}},"type":"binary-expr","locations":[{"start":{"line":141,"column":52},"end":{"line":141,"column":65}},{"start":{"line":141,"column":69},"end":{"line":141,"column":72}}],"line":141},"15":{"loc":{"start":{"line":150,"column":18},"end":{"line":150,"column":63}},"type":"cond-expr","locations":[{"start":{"line":150,"column":42},"end":{"line":150,"column":51}},{"start":{"line":150,"column":54},"end":{"line":150,"column":63}}],"line":150},"16":{"loc":{"start":{"line":153,"column":9},"end":{"line":170,"column":9}},"type":"cond-expr","locations":[{"start":{"line":154,"column":10},"end":{"line":154,"column":69}},{"start":{"line":156,"column":10},"end":{"line":169,"column":12}}],"line":153},"17":{"loc":{"start":{"line":188,"column":36},"end":{"line":188,"column":75}},"type":"binary-expr","locations":[{"start":{"line":188,"column":36},"end":{"line":188,"column":49}},{"start":{"line":188,"column":53},"end":{"line":188,"column":75}}],"line":188}},"s":{"0":0,"1":0,"2":0,"3":0,"4":0,"5":0,"6":0,"7":0,"8":0,"9":0,"10":0,"11":0,"12":0,"13":0,"14":0,"15":0,"16":0,"17":0,"18":0,"19":0,"20":0,"21":0,"22":0,"23":0,"24":0,"25":0,"26":0,"27":0,"28":0,"29":0,"30":0,"31":0,"32":0,"33":0,"34":0,"35":0,"36":0,"37":0,"38":0,"39":0,"40":0,"41":0,"42":0,"43":0,"44":0,"45":0,"46":0,"47":0},"f":{"0":0,"1":0,"2":0,"3":0,"4":0,"5":0,"6":0,"7":0,"8":0,"9":0,"10":0,"11":0},"b":{"0":[0,0],"1":[0,0],"2":[0,0],"3":[0,0],"4":[0,0],"5":[0,0],"6":[0,0],"7":[0,0],"8":[0,0],"9":[0,0],"10":[0,0],"11":[0,0],"12":[0,0],"13":[0,0],"14":[0,0],"15":[0,0],"16":[0,0],"17":[0,0]}}
,"C:\\Users\\Binu\\Documents\\GitHub\\PhotoSnap\\src\\screens\\friends\\FriendRequestsScreen.tsx": {"path":"C:\\Users\\Binu\\Documents\\GitHub\\PhotoSnap\\src\\screens\\friends\\FriendRequestsScreen.tsx","statementMap":{"0":{"start":{"line":17,"column":34},"end":{"line":17,"column":60}},"1":{"start":{"line":18,"column":32},"end":{"line":18,"column":46}},"2":{"start":{"line":19,"column":44},"end":{"line":19,"column":73}},"3":{"start":{"line":21,"column":2},"end":{"line":23,"column":9}},"4":{"start":{"line":22,"column":4},"end":{"line":22,"column":20}},"5":{"start":{"line":26,"column":4},"end":{"line":26,"column":21}},"6":{"start":{"line":27,"column":31},"end":{"line":27,"column":60}},"7":{"start":{"line":28,"column":4},"end":{"line":28,"column":45}},"8":{"start":{"line":28,"column":17},"end":{"line":28,"column":35}},"9":{"start":{"line":28,"column":36},"end":{"line":28,"column":43}},"10":{"start":{"line":30,"column":34},"end":{"line":34,"column":30}},"11":{"start":{"line":36,"column":4},"end":{"line":36,"column":60}},"12":{"start":{"line":36,"column":32},"end":{"line":36,"column":50}},"13":{"start":{"line":36,"column":51},"end":{"line":36,"column":58}},"14":{"start":{"line":38,"column":22},"end":{"line":38,"column":57}},"15":{"start":{"line":38,"column":45},"end":{"line":38,"column":56}},"16":{"start":{"line":39,"column":30},"end":{"line":42,"column":26}},"17":{"start":{"line":44,"column":22},"end":{"line":44,"column":68}},"18":{"start":{"line":44,"column":57},"end":{"line":44,"column":66}},"19":{"start":{"line":45,"column":4},"end":{"line":49,"column":6}},"20":{"start":{"line":47,"column":21},"end":{"line":47,"column":77}},"21":{"start":{"line":48,"column":23},"end":{"line":48,"column":39}},"22":{"start":{"line":50,"column":4},"end":{"line":50,"column":22}},"23":{"start":{"line":54,"column":4},"end":{"line":54,"column":35}},"24":{"start":{"line":55,"column":4},"end":{"line":55,"column":81}},"25":{"start":{"line":56,"column":4},"end":{"line":56,"column":69}},"26":{"start":{"line":56,"column":26},"end":{"line":56,"column":67}},"27":{"start":{"line":56,"column":45},"end":{"line":56,"column":66}},"28":{"start":{"line":57,"column":4},"end":{"line":57,"column":27}},"29":{"start":{"line":60,"column":2},"end":{"line":119,"column":4}},"30":{"start":{"line":76,"column":41},"end":{"line":76,"column":65}},"31":{"start":{"line":80,"column":12},"end":{"line":108,"column":19}},"32":{"start":{"line":93,"column":33},"end":{"line":93,"column":61}},"33":{"start":{"line":101,"column":33},"end":{"line":101,"column":61}},"34":{"start":{"line":122,"column":15},"end":{"line":232,"column":2}}},"fnMap":{"0":{"name":"FriendRequestsScreen","decl":{"start":{"line":16,"column":24},"end":{"line":16,"column":44}},"loc":{"start":{"line":16,"column":47},"end":{"line":120,"column":1}},"line":16},"1":{"name":"(anonymous_1)","decl":{"start":{"line":21,"column":12},"end":{"line":21,"column":13}},"loc":{"start":{"line":21,"column":18},"end":{"line":23,"column":3}},"line":21},"2":{"name":"fetchRequests","decl":{"start":{"line":25,"column":17},"end":{"line":25,"column":30}},"loc":{"start":{"line":25,"column":33},"end":{"line":51,"column":3}},"line":25},"3":{"name":"(anonymous_3)","decl":{"start":{"line":38,"column":38},"end":{"line":38,"column":39}},"loc":{"start":{"line":38,"column":45},"end":{"line":38,"column":56}},"line":38},"4":{"name":"(anonymous_4)","decl":{"start":{"line":44,"column":50},"end":{"line":44,"column":51}},"loc":{"start":{"line":44,"column":57},"end":{"line":44,"column":66}},"line":44},"5":{"name":"(anonymous_5)","decl":{"start":{"line":47,"column":13},"end":{"line":47,"column":14}},"loc":{"start":{"line":47,"column":21},"end":{"line":47,"column":77}},"line":47},"6":{"name":"(anonymous_6)","decl":{"start":{"line":48,"column":16},"end":{"line":48,"column":17}},"loc":{"start":{"line":48,"column":23},"end":{"line":48,"column":39}},"line":48},"7":{"name":"respond","decl":{"start":{"line":53,"column":17},"end":{"line":53,"column":24}},"loc":{"start":{"line":53,"column":80},"end":{"line":58,"column":3}},"line":53},"8":{"name":"(anonymous_8)","decl":{"start":{"line":56,"column":16},"end":{"line":56,"column":17}},"loc":{"start":{"line":56,"column":26},"end":{"line":56,"column":67}},"line":56},"9":{"name":"(anonymous_9)","decl":{"start":{"line":56,"column":38},"end":{"line":56,"column":39}},"loc":{"start":{"line":56,"column":45},"end":{"line":56,"column":66}},"line":56},"10":{"name":"(anonymous_10)","decl":{"start":{"line":76,"column":24},"end":{"line":76,"column":25}},"loc":{"start":{"line":76,"column":41},"end":{"line":76,"column":65}},"line":76},"11":{"name":"(anonymous_11)","decl":{"start":{"line":79,"column":22},"end":{"line":79,"column":23}},"loc":{"start":{"line":80,"column":12},"end":{"line":108,"column":19}},"line":80},"12":{"name":"(anonymous_12)","decl":{"start":{"line":93,"column":27},"end":{"line":93,"column":28}},"loc":{"start":{"line":93,"column":33},"end":{"line":93,"column":61}},"line":93},"13":{"name":"(anonymous_13)","decl":{"start":{"line":101,"column":27},"end":{"line":101,"column":28}},"loc":{"start":{"line":101,"column":33},"end":{"line":101,"column":61}},"line":101}},"branchMap":{"0":{"loc":{"start":{"line":28,"column":4},"end":{"line":28,"column":45}},"type":"if","locations":[{"start":{"line":28,"column":4},"end":{"line":28,"column":45}},{"start":{},"end":{}}],"line":28},"1":{"loc":{"start":{"line":36,"column":4},"end":{"line":36,"column":60}},"type":"if","locations":[{"start":{"line":36,"column":4},"end":{"line":36,"column":60}},{"start":{},"end":{}}],"line":36},"2":{"loc":{"start":{"line":44,"column":31},"end":{"line":44,"column":44}},"type":"binary-expr","locations":[{"start":{"line":44,"column":31},"end":{"line":44,"column":38}},{"start":{"line":44,"column":42},"end":{"line":44,"column":44}}],"line":44},"3":{"loc":{"start":{"line":66,"column":9},"end":{"line":68,"column":9}},"type":"binary-expr","locations":[{"start":{"line":66,"column":9},"end":{"line":66,"column":28}},{"start":{"line":67,"column":10},"end":{"line":67,"column":72}}],"line":66},"4":{"loc":{"start":{"line":71,"column":7},"end":{"line":117,"column":7}},"type":"cond-expr","locations":[{"start":{"line":72,"column":8},"end":{"line":72,"column":67}},{"start":{"line":74,"column":8},"end":{"line":116,"column":10}}],"line":71},"5":{"loc":{"start":{"line":76,"column":41},"end":{"line":76,"column":65}},"type":"binary-expr","locations":[{"start":{"line":76,"column":41},"end":{"line":76,"column":48}},{"start":{"line":76,"column":52},"end":{"line":76,"column":65}}],"line":76},"6":{"loc":{"start":{"line":77,"column":33},"end":{"line":77,"column":99}},"type":"cond-expr","locations":[{"start":{"line":77,"column":57},"end":{"line":77,"column":78}},{"start":{"line":77,"column":81},"end":{"line":77,"column":99}}],"line":77},"7":{"loc":{"start":{"line":83,"column":20},"end":{"line":83,"column":56}},"type":"binary-expr","locations":[{"start":{"line":83,"column":20},"end":{"line":83,"column":49}},{"start":{"line":83,"column":53},"end":{"line":83,"column":56}}],"line":83}},"s":{"0":0,"1":0,"2":0,"3":0,"4":0,"5":0,"6":0,"7":0,"8":0,"9":0,"10":0,"11":0,"12":0,"13":0,"14":0,"15":0,"16":0,"17":0,"18":0,"19":0,"20":0,"21":0,"22":0,"23":0,"24":0,"25":0,"26":0,"27":0,"28":0,"29":0,"30":0,"31":0,"32":0,"33":0,"34":0},"f":{"0":0,"1":0,"2":0,"3":0,"4":0,"5":0,"6":0,"7":0,"8":0,"9":0,"10":0,"11":0,"12":0,"13":0},"b":{"0":[0,0],"1":[0,0],"2":[0,0],"3":[0,0],"4":[0,0],"5":[0,0],"6":[0,0],"7":[0,0]}}
,"C:\\Users\\Binu\\Documents\\GitHub\\PhotoSnap\\src\\screens\\friends\\FriendSearchScreen.tsx": {"path":"C:\\Users\\Binu\\Documents\\GitHub\\PhotoSnap\\src\\screens\\friends\\FriendSearchScreen.tsx","statementMap":{"0":{"start":{"line":14,"column":28},"end":{"line":14,"column":40}},"1":{"start":{"line":15,"column":32},"end":{"line":15,"column":60}},"2":{"start":{"line":16,"column":32},"end":{"line":16,"column":47}},"3":{"start":{"line":19,"column":4},"end":{"line":19,"column":40}},"4":{"start":{"line":19,"column":33},"end":{"line":19,"column":40}},"5":{"start":{"line":20,"column":4},"end":{"line":20,"column":21}},"6":{"start":{"line":22,"column":31},"end":{"line":22,"column":60}},"7":{"start":{"line":23,"column":4},"end":{"line":23,"column":22}},"8":{"start":{"line":23,"column":15},"end":{"line":23,"column":22}},"9":{"start":{"line":25,"column":28},"end":{"line":30,"column":16}},"10":{"start":{"line":32,"column":4},"end":{"line":32,"column":46}},"11":{"start":{"line":32,"column":18},"end":{"line":32,"column":36}},"12":{"start":{"line":32,"column":37},"end":{"line":32,"column":44}},"13":{"start":{"line":34,"column":34},"end":{"line":37,"column":62}},"14":{"start":{"line":39,"column":22},"end":{"line":39,"column":73}},"15":{"start":{"line":40,"column":4},"end":{"line":45,"column":5}},"16":{"start":{"line":41,"column":22},"end":{"line":41,"column":75}},"17":{"start":{"line":42,"column":6},"end":{"line":44,"column":111}},"18":{"start":{"line":42,"column":35},"end":{"line":42,"column":70}},"19":{"start":{"line":43,"column":11},"end":{"line":44,"column":111}},"20":{"start":{"line":43,"column":66},"end":{"line":43,"column":105}},"21":{"start":{"line":44,"column":11},"end":{"line":44,"column":111}},"22":{"start":{"line":44,"column":68},"end":{"line":44,"column":111}},"23":{"start":{"line":47,"column":4},"end":{"line":47,"column":94}},"24":{"start":{"line":47,"column":33},"end":{"line":47,"column":90}},"25":{"start":{"line":48,"column":4},"end":{"line":48,"column":22}},"26":{"start":{"line":52,"column":31},"end":{"line":52,"column":60}},"27":{"start":{"line":53,"column":4},"end":{"line":53,"column":22}},"28":{"start":{"line":53,"column":15},"end":{"line":53,"column":22}},"29":{"start":{"line":55,"column":22},"end":{"line":59,"column":6}},"30":{"start":{"line":61,"column":4},"end":{"line":66,"column":5}},"31":{"start":{"line":61,"column":15},"end":{"line":61,"column":51}},"32":{"start":{"line":63,"column":6},"end":{"line":65,"column":8}},"33":{"start":{"line":64,"column":8},"end":{"line":64,"column":91}},"34":{"start":{"line":64,"column":24},"end":{"line":64,"column":90}},"35":{"start":{"line":70,"column":4},"end":{"line":87,"column":5}},"36":{"start":{"line":72,"column":8},"end":{"line":72,"column":120}},"37":{"start":{"line":74,"column":8},"end":{"line":74,"column":119}},"38":{"start":{"line":76,"column":8},"end":{"line":76,"column":131}},"39":{"start":{"line":78,"column":8},"end":{"line":86,"column":10}},"40":{"start":{"line":81,"column":27},"end":{"line":81,"column":66}},"41":{"start":{"line":90,"column":2},"end":{"line":148,"column":4}},"42":{"start":{"line":123,"column":41},"end":{"line":123,"column":65}},"43":{"start":{"line":127,"column":12},"end":{"line":138,"column":19}},"44":{"start":{"line":151,"column":15},"end":{"line":276,"column":2}}},"fnMap":{"0":{"name":"FriendSearchScreen","decl":{"start":{"line":13,"column":24},"end":{"line":13,"column":42}},"loc":{"start":{"line":13,"column":45},"end":{"line":149,"column":1}},"line":13},"1":{"name":"search","decl":{"start":{"line":18,"column":17},"end":{"line":18,"column":23}},"loc":{"start":{"line":18,"column":26},"end":{"line":49,"column":3}},"line":18},"2":{"name":"(anonymous_2)","decl":{"start":{"line":47,"column":25},"end":{"line":47,"column":26}},"loc":{"start":{"line":47,"column":33},"end":{"line":47,"column":90}},"line":47},"3":{"name":"sendRequest","decl":{"start":{"line":51,"column":17},"end":{"line":51,"column":28}},"loc":{"start":{"line":51,"column":61},"end":{"line":67,"column":3}},"line":51},"4":{"name":"(anonymous_4)","decl":{"start":{"line":63,"column":17},"end":{"line":63,"column":18}},"loc":{"start":{"line":64,"column":8},"end":{"line":64,"column":91}},"line":64},"5":{"name":"(anonymous_5)","decl":{"start":{"line":64,"column":17},"end":{"line":64,"column":18}},"loc":{"start":{"line":64,"column":24},"end":{"line":64,"column":90}},"line":64},"6":{"name":"StatusChip","decl":{"start":{"line":69,"column":11},"end":{"line":69,"column":21}},"loc":{"start":{"line":69,"column":56},"end":{"line":88,"column":3}},"line":69},"7":{"name":"(anonymous_7)","decl":{"start":{"line":81,"column":21},"end":{"line":81,"column":22}},"loc":{"start":{"line":81,"column":27},"end":{"line":81,"column":66}},"line":81},"8":{"name":"(anonymous_8)","decl":{"start":{"line":123,"column":24},"end":{"line":123,"column":25}},"loc":{"start":{"line":123,"column":41},"end":{"line":123,"column":65}},"line":123},"9":{"name":"(anonymous_9)","decl":{"start":{"line":126,"column":22},"end":{"line":126,"column":23}},"loc":{"start":{"line":127,"column":12},"end":{"line":138,"column":19}},"line":127}},"branchMap":{"0":{"loc":{"start":{"line":19,"column":4},"end":{"line":19,"column":40}},"type":"if","locations":[{"start":{"line":19,"column":4},"end":{"line":19,"column":40}},{"start":{},"end":{}}],"line":19},"1":{"loc":{"start":{"line":23,"column":4},"end":{"line":23,"column":22}},"type":"if","locations":[{"start":{"line":23,"column":4},"end":{"line":23,"column":22}},{"start":{},"end":{}}],"line":23},"2":{"loc":{"start":{"line":32,"column":4},"end":{"line":32,"column":46}},"type":"if","locations":[{"start":{"line":32,"column":4},"end":{"line":32,"column":46}},{"start":{},"end":{}}],"line":32},"3":{"loc":{"start":{"line":40,"column":20},"end":{"line":40,"column":37}},"type":"binary-expr","locations":[{"start":{"line":40,"column":20},"end":{"line":40,"column":31}},{"start":{"line":40,"column":35},"end":{"line":40,"column":37}}],"line":40},"4":{"loc":{"start":{"line":41,"column":22},"end":{"line":41,"column":75}},"type":"cond-expr","locations":[{"start":{"line":41,"column":48},"end":{"line":41,"column":61}},{"start":{"line":41,"column":64},"end":{"line":41,"column":75}}],"line":41},"5":{"loc":{"start":{"line":42,"column":6},"end":{"line":44,"column":111}},"type":"if","locations":[{"start":{"line":42,"column":6},"end":{"line":44,"column":111}},{"start":{"line":43,"column":11},"end":{"line":44,"column":111}}],"line":42},"6":{"loc":{"start":{"line":43,"column":11},"end":{"line":44,"column":111}},"type":"if","locations":[{"start":{"line":43,"column":11},"end":{"line":44,"column":111}},{"start":{"line":44,"column":11},"end":{"line":44,"column":111}}],"line":43},"7":{"loc":{"start":{"line":43,"column":15},"end":{"line":43,"column":64}},"type":"binary-expr","locations":[{"start":{"line":43,"column":15},"end":{"line":43,"column":37}},{"start":{"line":43,"column":41},"end":{"line":43,"column":64}}],"line":43},"8":{"loc":{"start":{"line":44,"column":11},"end":{"line":44,"column":111}},"type":"if","locations":[{"start":{"line":44,"column":11},"end":{"line":44,"column":111}},{"start":{},"end":{}}],"line":44},"9":{"loc":{"start":{"line":44,"column":15},"end":{"line":44,"column":66}},"type":"binary-expr","locations":[{"start":{"line":44,"column":15},"end":{"line":44,"column":37}},{"start":{"line":44,"column":41},"end":{"line":44,"column":66}}],"line":44},"10":{"loc":{"start":{"line":47,"column":59},"end":{"line":47,"column":88}},"type":"binary-expr","locations":[{"start":{"line":47,"column":59},"end":{"line":47,"column":78}},{"start":{"line":47,"column":82},"end":{"line":47,"column":88}}],"line":47},"11":{"loc":{"start":{"line":53,"column":4},"end":{"line":53,"column":22}},"type":"if","locations":[{"start":{"line":53,"column":4},"end":{"line":53,"column":22}},{"start":{},"end":{}}],"line":53},"12":{"loc":{"start":{"line":61,"column":4},"end":{"line":66,"column":5}},"type":"if","locations":[{"start":{"line":61,"column":4},"end":{"line":66,"column":5}},{"start":{"line":62,"column":9},"end":{"line":66,"column":5}}],"line":61},"13":{"loc":{"start":{"line":64,"column":24},"end":{"line":64,"column":90}},"type":"cond-expr","locations":[{"start":{"line":64,"column":44},"end":{"line":64,"column":86}},{"start":{"line":64,"column":89},"end":{"line":64,"column":90}}],"line":64},"14":{"loc":{"start":{"line":70,"column":4},"end":{"line":87,"column":5}},"type":"switch","locations":[{"start":{"line":71,"column":6},"end":{"line":72,"column":120}},{"start":{"line":73,"column":6},"end":{"line":74,"column":119}},{"start":{"line":75,"column":6},"end":{"line":76,"column":131}},{"start":{"line":77,"column":6},"end":{"line":86,"column":10}}],"line":70},"15":{"loc":{"start":{"line":111,"column":9},"end":{"line":115,"column":9}},"type":"binary-expr","locations":[{"start":{"line":111,"column":9},"end":{"line":111,"column":25}},{"start":{"line":112,"column":10},"end":{"line":114,"column":29}}],"line":111},"16":{"loc":{"start":{"line":118,"column":7},"end":{"line":146,"column":7}},"type":"cond-expr","locations":[{"start":{"line":119,"column":8},"end":{"line":119,"column":73}},{"start":{"line":121,"column":8},"end":{"line":145,"column":10}}],"line":118},"17":{"loc":{"start":{"line":123,"column":41},"end":{"line":123,"column":65}},"type":"binary-expr","locations":[{"start":{"line":123,"column":41},"end":{"line":123,"column":48}},{"start":{"line":123,"column":52},"end":{"line":123,"column":65}}],"line":123},"18":{"loc":{"start":{"line":130,"column":20},"end":{"line":130,"column":49}},"type":"binary-expr","locations":[{"start":{"line":130,"column":20},"end":{"line":130,"column":42}},{"start":{"line":130,"column":46},"end":{"line":130,"column":49}}],"line":130},"19":{"loc":{"start":{"line":141,"column":12},"end":{"line":143,"column":20}},"type":"cond-expr","locations":[{"start":{"line":142,"column":14},"end":{"line":142,"column":80}},{"start":{"line":143,"column":16},"end":{"line":143,"column":20}}],"line":141}},"s":{"0":0,"1":0,"2":0,"3":0,"4":0,"5":0,"6":0,"7":0,"8":0,"9":0,"10":0,"11":0,"12":0,"13":0,"14":0,"15":0,"16":0,"17":0,"18":0,"19":0,"20":0,"21":0,"22":0,"23":0,"24":0,"25":0,"26":0,"27":0,"28":0,"29":0,"30":0,"31":0,"32":0,"33":0,"34":0,"35":0,"36":0,"37":0,"38":0,"39":0,"40":0,"41":0,"42":0,"43":0,"44":0},"f":{"0":0,"1":0,"2":0,"3":0,"4":0,"5":0,"6":0,"7":0,"8":0,"9":0},"b":{"0":[0,0],"1":[0,0],"2":[0,0],"3":[0,0],"4":[0,0],"5":[0,0],"6":[0,0],"7":[0,0],"8":[0,0],"9":[0,0],"10":[0,0],"11":[0,0],"12":[0,0],"13":[0,0],"14":[0,0,0,0],"15":[0,0],"16":[0,0],"17":[0,0],"18":[0,0],"19":[0,0]}}
,"C:\\Users\\Binu\\Documents\\GitHub\\PhotoSnap\\src\\screens\\friends\\FriendStatsScreen.tsx": {"path":"C:\\Users\\Binu\\Documents\\GitHub\\PhotoSnap\\src\\screens\\friends\\FriendStatsScreen.tsx","statementMap":{"0":{"start":{"line":22,"column":21},"end":{"line":22,"column":49}},"1":{"start":{"line":23,"column":28},"end":{"line":23,"column":56}},"2":{"start":{"line":24,"column":30},"end":{"line":24,"column":42}},"3":{"start":{"line":25,"column":32},"end":{"line":25,"column":46}},"4":{"start":{"line":27,"column":2},"end":{"line":29,"column":9}},"5":{"start":{"line":28,"column":4},"end":{"line":28,"column":17}},"6":{"start":{"line":32,"column":31},"end":{"line":32,"column":60}},"7":{"start":{"line":33,"column":4},"end":{"line":33,"column":22}},"8":{"start":{"line":33,"column":15},"end":{"line":33,"column":22}},"9":{"start":{"line":35,"column":25},"end":{"line":36,"column":70}},"10":{"start":{"line":37,"column":4},"end":{"line":37,"column":39}},"11":{"start":{"line":37,"column":12},"end":{"line":37,"column":39}},"12":{"start":{"line":39,"column":31},"end":{"line":47,"column":7}},"13":{"start":{"line":46,"column":103},"end":{"line":46,"column":107}},"14":{"start":{"line":49,"column":34},"end":{"line":57,"column":7}},"15":{"start":{"line":56,"column":95},"end":{"line":56,"column":99}},"16":{"start":{"line":59,"column":4},"end":{"line":64,"column":7}},"17":{"start":{"line":61,"column":49},"end":{"line":61,"column":69}},"18":{"start":{"line":63,"column":55},"end":{"line":63,"column":75}},"19":{"start":{"line":65,"column":4},"end":{"line":65,"column":22}},"20":{"start":{"line":68,"column":2},"end":{"line":75,"column":3}},"21":{"start":{"line":69,"column":4},"end":{"line":74,"column":6}},"22":{"start":{"line":76,"column":2},"end":{"line":76,"column":26}},"23":{"start":{"line":76,"column":14},"end":{"line":76,"column":26}},"24":{"start":{"line":78,"column":16},"end":{"line":79,"column":62}},"25":{"start":{"line":80,"column":19},"end":{"line":81,"column":68}},"26":{"start":{"line":82,"column":22},"end":{"line":82,"column":66}},"27":{"start":{"line":83,"column":17},"end":{"line":83,"column":59}},"28":{"start":{"line":84,"column":15},"end":{"line":84,"column":59}},"29":{"start":{"line":86,"column":21},"end":{"line":86,"column":70}},"30":{"start":{"line":88,"column":2},"end":{"line":151,"column":4}},"31":{"start":{"line":157,"column":2},"end":{"line":163,"column":4}},"32":{"start":{"line":166,"column":19},"end":{"line":201,"column":2}},"33":{"start":{"line":203,"column":15},"end":{"line":330,"column":2}}},"fnMap":{"0":{"name":"FriendStatsScreen","decl":{"start":{"line":21,"column":24},"end":{"line":21,"column":41}},"loc":{"start":{"line":21,"column":44},"end":{"line":152,"column":1}},"line":21},"1":{"name":"(anonymous_1)","decl":{"start":{"line":27,"column":12},"end":{"line":27,"column":13}},"loc":{"start":{"line":27,"column":18},"end":{"line":29,"column":3}},"line":27},"2":{"name":"fetchStats","decl":{"start":{"line":31,"column":17},"end":{"line":31,"column":27}},"loc":{"start":{"line":31,"column":30},"end":{"line":66,"column":3}},"line":31},"3":{"name":"(anonymous_3)","decl":{"start":{"line":46,"column":96},"end":{"line":46,"column":97}},"loc":{"start":{"line":46,"column":103},"end":{"line":46,"column":107}},"line":46},"4":{"name":"(anonymous_4)","decl":{"start":{"line":56,"column":88},"end":{"line":56,"column":89}},"loc":{"start":{"line":56,"column":95},"end":{"line":56,"column":99}},"line":56},"5":{"name":"(anonymous_5)","decl":{"start":{"line":61,"column":37},"end":{"line":61,"column":38}},"loc":{"start":{"line":61,"column":49},"end":{"line":61,"column":69}},"line":61},"6":{"name":"(anonymous_6)","decl":{"start":{"line":63,"column":43},"end":{"line":63,"column":44}},"loc":{"start":{"line":63,"column":55},"end":{"line":63,"column":75}},"line":63},"7":{"name":"StatCard","decl":{"start":{"line":154,"column":9},"end":{"line":154,"column":17}},"loc":{"start":{"line":156,"column":3},"end":{"line":164,"column":1}},"line":156}},"branchMap":{"0":{"loc":{"start":{"line":33,"column":4},"end":{"line":33,"column":22}},"type":"if","locations":[{"start":{"line":33,"column":4},"end":{"line":33,"column":22}},{"start":{},"end":{}}],"line":33},"1":{"loc":{"start":{"line":37,"column":4},"end":{"line":37,"column":39}},"type":"if","locations":[{"start":{"line":37,"column":4},"end":{"line":37,"column":39}},{"start":{},"end":{}}],"line":37},"2":{"loc":{"start":{"line":46,"column":8},"end":{"line":46,"column":114}},"type":"binary-expr","locations":[{"start":{"line":46,"column":8},"end":{"line":46,"column":108}},{"start":{"line":46,"column":112},"end":{"line":46,"column":114}}],"line":46},"3":{"loc":{"start":{"line":56,"column":8},"end":{"line":56,"column":106}},"type":"binary-expr","locations":[{"start":{"line":56,"column":8},"end":{"line":56,"column":100}},{"start":{"line":56,"column":104},"end":{"line":56,"column":106}}],"line":56},"4":{"loc":{"start":{"line":60,"column":21},"end":{"line":60,"column":42}},"type":"binary-expr","locations":[{"start":{"line":60,"column":21},"end":{"line":60,"column":37}},{"start":{"line":60,"column":41},"end":{"line":60,"column":42}}],"line":60},"5":{"loc":{"start":{"line":61,"column":20},"end":{"line":61,"column":78}},"type":"binary-expr","locations":[{"start":{"line":61,"column":20},"end":{"line":61,"column":73}},{"start":{"line":61,"column":77},"end":{"line":61,"column":78}}],"line":61},"6":{"loc":{"start":{"line":61,"column":56},"end":{"line":61,"column":68}},"type":"binary-expr","locations":[{"start":{"line":61,"column":56},"end":{"line":61,"column":63}},{"start":{"line":61,"column":67},"end":{"line":61,"column":68}}],"line":61},"7":{"loc":{"start":{"line":62,"column":24},"end":{"line":62,"column":48}},"type":"binary-expr","locations":[{"start":{"line":62,"column":24},"end":{"line":62,"column":43}},{"start":{"line":62,"column":47},"end":{"line":62,"column":48}}],"line":62},"8":{"loc":{"start":{"line":63,"column":23},"end":{"line":63,"column":84}},"type":"binary-expr","locations":[{"start":{"line":63,"column":23},"end":{"line":63,"column":79}},{"start":{"line":63,"column":83},"end":{"line":63,"column":84}}],"line":63},"9":{"loc":{"start":{"line":63,"column":62},"end":{"line":63,"column":74}},"type":"binary-expr","locations":[{"start":{"line":63,"column":62},"end":{"line":63,"column":69}},{"start":{"line":63,"column":73},"end":{"line":63,"column":74}}],"line":63},"10":{"loc":{"start":{"line":68,"column":2},"end":{"line":75,"column":3}},"type":"if","locations":[{"start":{"line":68,"column":2},"end":{"line":75,"column":3}},{"start":{},"end":{}}],"line":68},"11":{"loc":{"start":{"line":76,"column":2},"end":{"line":76,"column":26}},"type":"if","locations":[{"start":{"line":76,"column":2},"end":{"line":76,"column":26}},{"start":{},"end":{}}],"line":76},"12":{"loc":{"start":{"line":78,"column":16},"end":{"line":79,"column":62}},"type":"cond-expr","locations":[{"start":{"line":79,"column":6},"end":{"line":79,"column":58}},{"start":{"line":79,"column":61},"end":{"line":79,"column":62}}],"line":78},"13":{"loc":{"start":{"line":80,"column":19},"end":{"line":81,"column":68}},"type":"cond-expr","locations":[{"start":{"line":81,"column":6},"end":{"line":81,"column":64}},{"start":{"line":81,"column":67},"end":{"line":81,"column":68}}],"line":80},"14":{"loc":{"start":{"line":86,"column":21},"end":{"line":86,"column":70}},"type":"cond-expr","locations":[{"start":{"line":86,"column":28},"end":{"line":86,"column":32}},{"start":{"line":86,"column":35},"end":{"line":86,"column":70}}],"line":86},"15":{"loc":{"start":{"line":86,"column":35},"end":{"line":86,"column":70}},"type":"cond-expr","locations":[{"start":{"line":86,"column":44},"end":{"line":86,"column":50}},{"start":{"line":86,"column":53},"end":{"line":86,"column":70}}],"line":86},"16":{"loc":{"start":{"line":100,"column":9},"end":{"line":148,"column":9}},"type":"cond-expr","locations":[{"start":{"line":101,"column":10},"end":{"line":104,"column":17}},{"start":{"line":106,"column":10},"end":{"line":147,"column":13}}],"line":100},"17":{"loc":{"start":{"line":107,"column":13},"end":{"line":112,"column":13}},"type":"binary-expr","locations":[{"start":{"line":107,"column":13},"end":{"line":107,"column":23}},{"start":{"line":108,"column":14},"end":{"line":111,"column":21}}],"line":107},"18":{"loc":{"start":{"line":113,"column":13},"end":{"line":117,"column":13}},"type":"binary-expr","locations":[{"start":{"line":113,"column":13},"end":{"line":113,"column":17}},{"start":{"line":114,"column":14},"end":{"line":116,"column":21}}],"line":113},"19":{"loc":{"start":{"line":123,"column":49},"end":{"line":123,"column":82}},"type":"binary-expr","locations":[{"start":{"line":123,"column":49},"end":{"line":123,"column":55}},{"start":{"line":123,"column":59},"end":{"line":123,"column":82}}],"line":123},"20":{"loc":{"start":{"line":133,"column":49},"end":{"line":133,"column":92}},"type":"binary-expr","locations":[{"start":{"line":133,"column":49},"end":{"line":133,"column":56}},{"start":{"line":133,"column":60},"end":{"line":133,"column":65}},{"start":{"line":133,"column":69},"end":{"line":133,"column":92}}],"line":133},"21":{"loc":{"start":{"line":158,"column":35},"end":{"line":158,"column":72}},"type":"binary-expr","locations":[{"start":{"line":158,"column":35},"end":{"line":158,"column":44}},{"start":{"line":158,"column":48},"end":{"line":158,"column":72}}],"line":158},"22":{"loc":{"start":{"line":160,"column":38},"end":{"line":160,"column":76}},"type":"binary-expr","locations":[{"start":{"line":160,"column":38},"end":{"line":160,"column":47}},{"start":{"line":160,"column":51},"end":{"line":160,"column":76}}],"line":160}},"s":{"0":0,"1":0,"2":0,"3":0,"4":0,"5":0,"6":0,"7":0,"8":0,"9":0,"10":0,"11":0,"12":0,"13":0,"14":0,"15":0,"16":0,"17":0,"18":0,"19":0,"20":0,"21":0,"22":0,"23":0,"24":0,"25":0,"26":0,"27":0,"28":0,"29":0,"30":0,"31":0,"32":0,"33":0},"f":{"0":0,"1":0,"2":0,"3":0,"4":0,"5":0,"6":0,"7":0},"b":{"0":[0,0],"1":[0,0],"2":[0,0],"3":[0,0],"4":[0,0],"5":[0,0],"6":[0,0],"7":[0,0],"8":[0,0],"9":[0,0],"10":[0,0],"11":[0,0],"12":[0,0],"13":[0,0],"14":[0,0],"15":[0,0],"16":[0,0],"17":[0,0],"18":[0,0],"19":[0,0],"20":[0,0,0],"21":[0,0],"22":[0,0]}}
,"C:\\Users\\Binu\\Documents\\GitHub\\PhotoSnap\\src\\screens\\friends\\FriendsScreen.tsx": {"path":"C:\\Users\\Binu\\Documents\\GitHub\\PhotoSnap\\src\\screens\\friends\\FriendsScreen.tsx","statementMap":{"0":{"start":{"line":21,"column":22},"end":{"line":21,"column":88}},"1":{"start":{"line":24,"column":13},"end":{"line":24,"column":14}},"2":{"start":{"line":25,"column":2},"end":{"line":25,"column":89}},"3":{"start":{"line":25,"column":15},"end":{"line":25,"column":16}},"4":{"start":{"line":25,"column":40},"end":{"line":25,"column":89}},"5":{"start":{"line":26,"column":2},"end":{"line":26,"column":62}},"6":{"start":{"line":30,"column":21},"end":{"line":30,"column":82}},"7":{"start":{"line":31,"column":32},"end":{"line":31,"column":57}},"8":{"start":{"line":32,"column":42},"end":{"line":32,"column":53}},"9":{"start":{"line":33,"column":32},"end":{"line":33,"column":46}},"10":{"start":{"line":35,"column":2},"end":{"line":39,"column":4}},"11":{"start":{"line":37,"column":6},"end":{"line":37,"column":21}},"12":{"start":{"line":42,"column":4},"end":{"line":42,"column":21}},"13":{"start":{"line":43,"column":31},"end":{"line":43,"column":60}},"14":{"start":{"line":44,"column":4},"end":{"line":44,"column":45}},"15":{"start":{"line":44,"column":17},"end":{"line":44,"column":35}},"16":{"start":{"line":44,"column":36},"end":{"line":44,"column":43}},"17":{"start":{"line":46,"column":47},"end":{"line":57,"column":6}},"18":{"start":{"line":59,"column":4},"end":{"line":59,"column":32}},"19":{"start":{"line":61,"column":4},"end":{"line":81,"column":5}},"20":{"start":{"line":62,"column":23},"end":{"line":64,"column":7}},"21":{"start":{"line":63,"column":8},"end":{"line":63,"column":61}},"22":{"start":{"line":65,"column":33},"end":{"line":68,"column":27}},"23":{"start":{"line":70,"column":25},"end":{"line":70,"column":72}},"24":{"start":{"line":70,"column":61},"end":{"line":70,"column":70}},"25":{"start":{"line":71,"column":6},"end":{"line":78,"column":8}},"26":{"start":{"line":74,"column":28},"end":{"line":74,"column":81}},"27":{"start":{"line":75,"column":12},"end":{"line":75,"column":77}},"28":{"start":{"line":77,"column":25},"end":{"line":77,"column":45}},"29":{"start":{"line":80,"column":6},"end":{"line":80,"column":21}},"30":{"start":{"lin
[...]
:30}},"36":{"start":{"line":71,"column":20},"end":{"line":71,"column":38}},"37":{"start":{"line":72,"column":4},"end":{"line":75,"column":5}},"38":{"start":{"line":73,"column":6},"end":{"line":73,"column":78}},"39":{"start":{"line":74,"column":6},"end":{"line":74,"column":13}},"40":{"start":{"line":76,"column":4},"end":{"line":76,"column":20}},"41":{"start":{"line":77,"column":22},"end":{"line":80,"column":28}},"42":{"start":{"line":82,"column":4},"end":{"line":87,"column":5}},"43":{"start":{"line":83,"column":6},"end":{"line":83,"column":42}},"44":{"start":{"line":85,"column":6},"end":{"line":85,"column":65}},"45":{"start":{"line":85,"column":24},"end":{"line":85,"column":63}},"46":{"start":{"line":86,"column":6},"end":{"line":86,"column":24}},"47":{"start":{"line":88,"column":4},"end":{"line":88,"column":21}},"48":{"start":{"line":92,"column":17},"end":{"line":92,"column":72}},"49":{"start":{"line":93,"column":4},"end":{"line":93,"column":124}},"50":{"start":{"line":93,"column":25},"end":{"line":93,"column":114}},"51":{"start":{"line":93,"column":115},"end":{"line":93,"column":122}},"52":{"start":{"line":95,"column":19},"end":{"line":101,"column":6}},"53":{"start":{"line":102,"column":4},"end":{"line":102,"column":60}},"54":{"start":{"line":102,"column":53},"end":{"line":102,"column":60}},"55":{"start":{"line":104,"column":4},"end":{"line":104,"column":29}},"56":{"start":{"line":105,"column":4},"end":{"line":127,"column":5}},"57":{"start":{"line":106,"column":33},"end":{"line":106,"column":62}},"58":{"start":{"line":107,"column":6},"end":{"line":107,"column":24}},"59":{"start":{"line":107,"column":17},"end":{"line":107,"column":24}},"60":{"start":{"line":109,"column":25},"end":{"line":109,"column":59}},"61":{"start":{"line":110,"column":23},"end":{"line":110,"column":47}},"62":{"start":{"line":111,"column":31},"end":{"line":113,"column":103}},"63":{"start":{"line":114,"column":6},"end":{"line":114,"column":29}},"64":{"start":{"line":114,"column":17},"end":{"line":114,"column":29}},"65":{"start":{"line":116,"column":38},"end":{"line":116,"column":93}},"66":{"start":{"line":117,"column":24},"end":{"line":117,"column":54}},"67":{"start":{"line":119,"column":31},"end":{"line":119,"column":111}},"68":{"start":{"line":120,"column":6},"end":{"line":120,"column":29}},"69":{"start":{"line":120,"column":17},"end":{"line":120,"column":29}},"70":{"start":{"line":122,"column":6},"end":{"line":122,"column":65}},"71":{"start":{"line":122,"column":24},"end":{"line":122,"column":63}},"72":{"start":{"line":124,"column":6},"end":{"line":124,"column":46}},"73":{"start":{"line":126,"column":6},"end":{"line":126,"column":32}},"74":{"start":{"line":131,"column":4},"end":{"line":137,"column":7}},"75":{"start":{"line":135,"column":23},"end":{"line":135,"column":46}},"76":{"start":{"line":140,"column":2},"end":{"line":147,"column":3}},"77":{"start":{"line":141,"column":4},"end":{"line":146,"column":6}},"78":{"start":{"line":148,"column":2},"end":{"line":148,"column":28}},"79":{"start":{"line":148,"column":16},"end":{"line":148,"column":28}},"80":{"start":{"line":150,"column":2},"end":{"line":304,"column":4}},"81":{"start":{"line":228,"column":37},"end":{"line":228,"column":74}},"82":{"start":{"line":228,"column":75},"end":{"line":228,"column":93}},"83":{"start":{"line":242,"column":72},"end":{"line":242,"column":88}},"84":{"start":{"line":307,"column":15},"end":{"line":509,"column":2}}},"fnMap":{"0":{"name":"ProfileScreen","decl":{"start":{"line":15,"column":24},"end":{"line":15,"column":37}},"loc":{"start":{"line":15,"column":40},"end":{"line":305,"column":1}},"line":15},"1":{"name":"(anonymous_1)","decl":{"start":{"line":25,"column":12},"end":{"line":25,"column":13}},"loc":{"start":{"line":25,"column":18},"end":{"line":27,"column":3}},"line":25},"2":{"name":"fetchProfile","decl":{"start":{"line":29,"column":17},"end":{"line":29,"column":29}},"loc":{"start":{"line":29,"column":32},"end":{"line":39,"column":3}},"line":29},"3":{"name":"toggleBackup","decl":{"start":{"line":41,"column":17},"end":{"line":41,"column":29}},"loc":{"start":{"line":41,"column":48},"end":{"line":68,"column":3}},"line":41},"4":{"name":"(anonymous_4)","decl":{"start":{"line":49,"column":54},"end":{"line":49,"column":55}},"loc":{"start":{"line":49,"column":60},"end":{"line":49,"column":83}},"line":49},"5":{"name":"(anonymous_5)","decl":{"start":{"line":52,"column":21},"end":{"line":52,"column":22}},"loc":{"start":{"line":52,"column":33},"end":{"line":58,"column":13}},"line":52},"6":{"name":"(anonymous_6)","decl":{"start":{"line":56,"column":25},"end":{"line":56,"column":26}},"loc":{"start":{"line":56,"column":32},"end":{"line":56,"column":70}},"line":56},"7":{"name":"(anonymous_7)","decl":{"start":{"line":65,"column":17},"end":{"line":65,"column":18}},"loc":{"start":{"line":65,"column":24},"end":{"line":65,"column":63}},"line":65},"8":{"name":"saveDisplayName","decl":{"start":{"line":70,"column":17},"end":{"line":70,"column":32}},"loc":{"start":{"line":70,"column":35},"end":{"line":89,"column":3}},"line":70},"9":{"name":"(anonymous_9)","decl":{"start":{"line":85,"column":17},"end":{"line":85,"column":18}},"loc":{"start":{"line":85,"column":24},"end":{"line":85,"column":63}},"line":85},"10":{"name":"pickAvatar","decl":{"start":{"line":91,"column":17},"end":{"line":91,"column":27}},"loc":{"start":{"line":91,"column":30},"end":{"line":128,"column":3}},"line":91},"11":{"name":"(anonymous_11)","decl":{"start":{"line":122,"column":17},"end":{"line":122,"column":18}},"loc":{"start":{"line":122,"column":24},"end":{"line":122,"column":63}},"line":122},"12":{"name":"signOut","decl":{"start":{"line":130,"column":17},"end":{"line":130,"column":24}},"loc":{"start":{"line":130,"column":27},"end":{"line":138,"column":3}},"line":130},"13":{"name":"(anonymous_13)","decl":{"start":{"line":135,"column":17},"end":{"line":135,"column":18}},"loc":{"start":{"line":135,"column":23},"end":{"line":135,"column":46}},"line":135},"14":{"name":"(anonymous_14)","decl":{"start":{"line":228,"column":29},"end":{"line":228,"column":30}},"loc":{"start":{"line":228,"column":35},"end":{"line":228,"column":95}},"line":228},"15":{"name":"(anonymous_15)","decl":{"start":{"line":242,"column":66},"end":{"line":242,"column":67}},"loc":{"start":{"line":242,"column":72},"end":{"line":242,"column":88}},"line":242}},"branchMap":{"0":{"loc":{"start":{"line":31,"column":4},"end":{"line":31,"column":22}},"type":"if","locations":[{"start":{"line":31,"column":4},"end":{"line":31,"column":22}},{"start":{},"end":{}}],"line":31},"1":{"loc":{"start":{"line":33,"column":4},"end":{"line":37,"column":5}},"type":"if","locations":[{"start":{"line":33,"column":4},"end":{"line":37,"column":5}},{"start":{},"end":{}}],"line":33},"2":{"loc":{"start":{"line":36,"column":23},"end":{"line":36,"column":51}},"type":"binary-expr","locations":[{"start":{"line":36,"column":23},"end":{"line":36,"column":42}},{"start":{"line":36,"column":46},"end":{"line":36,"column":51}}],"line":36},"3":{"loc":{"start":{"line":42,"column":4},"end":{"line":42,"column":25}},"type":"if","locations":[{"start":{"line":42,"column":4},"end":{"line":42,"column":25}},{"start":{},"end":{}}],"line":42},"4":{"loc":{"start":{"line":44,"column":4},"end":{"line":67,"column":5}},"type":"if","locations":[{"start":{"line":44,"column":4},"end":{"line":67,"column":5}},{"start":{"line":62,"column":11},"end":{"line":67,"column":5}}],"line":44},"5":{"loc":{"start":{"line":56,"column":32},"end":{"line":56,"column":70}},"type":"cond-expr","locations":[{"start":{"line":56,"column":36},"end":{"line":56,"column":66}},{"start":{"line":56,"column":69},"end":{"line":56,"column":70}}],"line":56},"6":{"loc":{"start":{"line":65,"column":24},"end":{"line":65,"column":63}},"type":"cond-expr","locations":[{"start":{"line":65,"column":28},"end":{"line":65,"column":59}},{"start":{"line":65,"column":62},"end":{"line":65,"column":63}}],"line":65},"7":{"loc":{"start":{"line":72,"column":4},"end":{"line":75,"column":5}},"type":"if","locations":[{"start":{"line":72,"column":4},"end":{"line":75,"column":5}},{"start":{},"end":{}}],"line":72},"8":{"loc":{"start":{"line":82,"column":4},"end":{"line":87,"column":5}},"type":"if","locations":[{"start":{"line":82,"column":4},"end":{"line":87,"column":5}},{"start":{"line":84,"column":11},"end":{"line":87,"column":5}}],"line":82},"9":{"loc":{"start":{"line":85,"column":24},"end":{"line":85,"column":63}},"type":"cond-expr","locations":[{"start":{"line":85,"column":28},"end":{"line":85,"column":59}},{"start":{"line":85,"column":62},"end":{"line":85,"column":63}}],"line":85},"10":{"loc":{"start":{"line":93,"column":4},"end":{"line":93,"column":124}},"type":"if","locations":[{"start":{"line":93,"column":4},"end":{"line":93,"column":124}},{"start":{},"end":{}}],"line":93},"11":{"loc":{"start":{"line":102,"column":4},"end":{"line":102,"column":60}},"type":"if","locations":[{"start":{"line":102,"column":4},"end":{"line":102,"column":60}},{"start":{},"end":{}}],"line":102},"12":{"loc":{"start":{"line":102,"column":8},"end":{"line":102,"column":51}},"type":"binary-expr","locations":[{"start":{"line":102,"column":8},"end":{"line":102,"column":23}},{"start":{"line":102,"column":27},"end":{"line":102,"column":51}}],"line":102},"13":{"loc":{"start":{"line":107,"column":6},"end":{"line":107,"column":24}},"type":"if","locations":[{"start":{"line":107,"column":6},"end":{"line":107,"column":24}},{"start":{},"end":{}}],"line":107},"14":{"loc":{"start":{"line":114,"column":6},"end":{"line":114,"column":29}},"type":"if","locations":[{"start":{"line":114,"column":6},"end":{"line":114,"column":29}},{"start":{},"end":{}}],"line":114},"15":{"loc":{"start":{"line":120,"column":6},"end":{"line":120,"column":29}},"type":"if","locations":[{"start":{"line":120,"column":6},"end":{"line":120,"column":29}},{"start":{},"end":{}}],"line":120},"16":{"loc":{"start":{"line":122,"column":24},"end":{"line":122,"column":63}},"type":"cond-expr","locations":[{"start":{"line":122,"column":28},"end":{"line":122,"column":59}},{"start":{"line":122,"column":62},"end":{"line":122,"column":63}}],"line":122},"17":{"loc":{"start":{"line":140,"column":2},"end":{"line":147,"column":3}},"type":"if","locations":[{"start":{"line":140,"column":2},"end":{"line":147,"column":3}},{"start":{},"end":{}}],"line":140},"18":{"loc":{"start":{"line":148,"column":2},"end":{"line":148,"column":28}},"type":"if","locations":[{"start":{"line":148,"column":2},"end":{"line":148,"column":28}},{"start":{},"end":{}}],"line":148},"19":{"loc":{"start":{"line":155,"column":18},"end":{"line":155,"column":63}},"type":"cond-expr","locations":[{"start":{"line":155,"column":42},"end":{"line":155,"column":51}},{"start":{"line":155,"column":54},"end":{"line":155,"column":63}}],"line":155},"20":{"loc":{"start":{"line":164,"column":19},"end":{"line":170,"column":19}},"type":"cond-expr","locations":[{"start":{"line":165,"column":20},"end":{"line":165,"column":93}},{"start":{"line":167,"column":20},"end":{"line":169,"column":27}}],"line":164},"21":{"loc":{"start":{"line":168,"column":24},"end":{"line":168,"column":56}},"type":"binary-expr","locations":[{"start":{"line":168,"column":24},"end":{"line":168,"column":49}},{"start":{"line":168,"column":53},"end":{"line":168,"column":56}}],"line":168},"22":{"loc":{"start":{"line":173,"column":19},"end":{"line":175,"column":71}},"type":"cond-expr","locations":[{"start":{"line":174,"column":22},"end":{"line":174,"column":72}},{"start":{"line":175,"column":22},"end":{"line":175,"column":71}}],"line":173},"23":{"loc":{"start":{"line":184,"column":13},"end":{"line":199,"column":13}},"type":"binary-expr","locations":[{"start":{"line":184,"column":13},"end":{"line":184,"column":46}},{"start":{"line":185,"column":14},"end":{"line":198,"column":21}}],"line":184},"24":{"loc":{"start":{"line":184,"column":14},"end":{"line":184,"column":41}},"type":"binary-expr","locations":[{"start":{"line":184,"column":14},"end":{"line":184,"column":36}},{"start":{"line":184,"column":40},"end":{"line":184,"column":41}}],"line":184},"25":{"loc":{"start":{"line":191,"column":17},"end":{"line":197,"column":17}},"type":"binary-expr","locations":[{"start":{"line":191,"column":17},"end":{"line":191,"column":78}},{"start":{"line":192,"column":18},"end":{"line":196,"column":25}}],"line":191},"26":{"loc":{"start":{"line":191,"column":18},"end":{"line":191,"column":45}},"type":"binary-expr","locations":[{"start":{"line":191,"column":18},"end":{"line":191,"column":40}},{"start":{"line":191,"column":44},"end":{"line":191,"column":45}}],"line":191},"27":{"loc":{"start":{"line":191,"column":50},"end":{"line":191,"column":77}},"type":"binary-expr","locations":[{"start":{"line":191,"column":50},"end":{"line":191,"column":72}},{"start":{"line":191,"column":76},"end":{"line":191,"column":77}}],"line":191},"28":{"loc":{"start":{"line":209,"column":17},"end":{"line":222,"column":17}},"type":"cond-expr","locations":[{"start":{"line":210,"column":18},"end":{"line":219,"column":20}},{"start":{"line":221,"column":18},"end":{"line":221,"column":77}}],"line":209},"29":{"loc":{"start":{"line":224,"column":15},"end":{"line":245,"column":15}},"type":"cond-expr","locations":[{"start":{"line":225,"column":16},"end":{"line":240,"column":23}},{"start":{"line":242,"column":16},"end":{"line":244,"column":35}}],"line":224},"30":{"loc":{"start":{"line":233,"column":44},"end":{"line":233,"column":72}},"type":"binary-expr","locations":[{"start":{"line":233,"column":44},"end":{"line":233,"column":50}},{"start":{"line":233,"column":54},"end":{"line":233,"column":72}}],"line":233},"31":{"loc":{"start":{"line":238,"column":54},"end":{"line":238,"column":77}},"type":"cond-expr","locations":[{"start":{"line":238,"column":63},"end":{"line":238,"column":68}},{"start":{"line":238,"column":71},"end":{"line":238,"column":77}}],"line":238},"32":{"loc":{"start":{"line":277,"column":19},"end":{"line":277,"column":125}},"type":"cond-expr","locations":[{"start":{"line":277,"column":35},"end":{"line":277,"column":82}},{"start":{"line":277,"column":85},"end":{"line":277,"column":125}}],"line":277},"33":{"loc":{"start":{"line":280,"column":15},"end":{"line":289,"column":15}},"type":"cond-expr","locations":[{"start":{"line":281,"column":16},"end":{"line":281,"column":94}},{"start":{"line":283,"column":16},"end":{"line":288,"column":18}}],"line":280}},"s":{"0":10,"1":10,"2":10,"3":10,"4":10,"5":10,"6":10,"7":10,"8":10,"9":5,"10":5,"11":5,"12":0,"13":5,"14":5,"15":5,"16":5,"17":5,"18":5,"19":0,"20":0,"21":0,"22":0,"23":0,"24":0,"25":0,"26":0,"27":0,"28":0,"29":0,"30":0,"31":0,"32":0,"33":0,"34":0,"35":0,"36":0,"37":0,"38":0,"39":0,"40":0,"41":0,"42":0,"43":0,"44":0,"45":0,"46":0,"47":0,"48":0,"49":0,"50":0,"51":0,"52":0,"53":0,"54":0,"55":0,"56":0,"57":0,"58":0,"59":0,"60":0,"61":0,"62":0,"63":0,"64":0,"65":0,"66":0,"67":0,"68":0,"69":0,"70":0,"71":0,"72":0,"73":0,"74":1,"75":0,"76":10,"77":5,"78":5,"79":0,"80":5,"81":0,"82":0,"83":0,"84":1},"f":{"0":10,"1":5,"2":5,"3":0,"4":0,"5":0,"6":0,"7":0,"8":0,"9":0,"10":0,"11":0,"12":1,"13":0,"14":0,"15":0},"b":{"0":[0,5],"1":[5,0],"2":[5,0],"3":[0,0],"4":[0,0],"5":[0,0],"6":[0,0],"7":[0,0],"8":[0,0],"9":[0,0],"10":[0,0],"11":[0,0],"12":[0,0],"13":[0,0],"14":[0,0],"15":[0,0],"16":[0,0],"17":[5,5],"18":[0,5],"19":[5,0],"20":[0,5],"21":[5,0],"22":[0,5],"23":[5,5],"24":[5,0],"25":[5,0],"26":[5,5],"27":[5,0],"28":[0,5],"29":[0,5],"30":[0,0],"31":[0,0],"32":[0,5],"33":[0,5]},"_coverageSchema":"1a1c01bbd47fc00a2c39e90264f33305004495a9","hash":"e937e626edde4ec5de6f14265a433d212b0e53cd"}
,"C:\\Users\\Binu\\Documents\\GitHub\\PhotoSnap\\src\\screens\\profile\\ProfileSetupScreen.tsx": {"path":"C:\\Users\\Binu\\Documents\\GitHub\\PhotoSnap\\src\\screens\\profile\\ProfileSetupScreen.tsx","statementMap":{"0":{"start":{"line":14,"column":40},"end":{"line":14,"column":52}},"1":{"start":{"line":15,"column":32},"end":{"line":15,"column":47}},"2":{"start":{"line":18,"column":20},"end":{"line":18,"column":38}},"3":{"start":{"line":19,"column":4},"end":{"line":22,"column":5}},"4":{"start":{"line":20,"column":6},"end":{"line":20,"column":78}},"5":{"start":{"line":21,"column":6},"end":{"line":21,"column":13}},"6":{"start":{"line":23,"column":4},"end":{"line":23,"column":21}},"7":{"start":{"line":24,"column":31},"end":{"line":24,"column":60}},"8":{"start":{"line":25,"column":4},"end":{"line":25,"column":45}},"9":{"start":{"line":25,"column":17},"end":{"line":25,"column":35}},"10":{"start":{"line":25,"column":36},"end":{"line":25,"column":43}},"11":{"start":{"line":27,"column":22},"end":{"line":31,"column":6}},"12":{"start":{"line":33,"column":4},"end":{"line":38,"column":5}},"13":{"start":{"line":34,"column":6},"end":{"line":34,"column":42}},"14":{"start":{"line":35,"column":6},"end":{"line":35,"column":24}},"15":{"start":{"line":37,"column":6},"end":{"line":37,"column":19}},"16":{"start":{"line":41,"column":16},"end":{"line":41,"column":58}},"17":{"start":{"line":43,"column":2},"end":{"line":95,"column":4}},"18":{"start":{"line":98,"column":15},"end":{"line":192,"column":2}}},"fnMap":{"0":{"name":"ProfileSetupScreen","decl":{"start":{"line":13,"column":24},"end":{"line":13,"column":42}},"loc":{"start":{"line":13,"column":66},"end":{"line":96,"column":1}},"line":13},"1":{"name":"save","decl":{"start":{"line":17,"column":17},"end":{"line":17,"column":21}},"loc":{"start":{"line":17,"column":24},"end":{"line":39,"column":3}},"line":17}},"branchMap":{"0":{"loc":{"start":{"line":19,"column":4},"end":{"line":22,"column":5}},"type":"if","locations":[{"start":{"line":19,"column":4},"end":{"line":22,"column":5}},{"start":{},"end":{}}],"line":19},"1":{"loc":{"start":{"line":25,"column":4},"end":{"line":25,"column":45}},"type":"if","locations":[{"start":{"line":25,"column":4},"end":{"line":25,"column":45}},{"start":{},"end":{}}],"line":25},"2":{"loc":{"start":{"line":33,"column":4},"end":{"line":38,"column":5}},"type":"if","locations":[{"start":{"line":33,"column":4},"end":{"line":38,"column":5}},{"start":{"line":36,"column":11},"end":{"line":38,"column":5}}],"line":33},"3":{"loc":{"start":{"line":41,"column":16},"end":{"line":41,"column":58}},"type":"binary-expr","locations":[{"start":{"line":41,"column":16},"end":{"line":41,"column":46}},{"start":{"line":41,"column":50},"end":{"line":41,"column":58}}],"line":41},"4":{"loc":{"start":{"line":46,"column":16},"end":{"line":46,"column":61}},"type":"cond-expr","locations":[{"start":{"line":46,"column":40},"end":{"line":46,"column":49}},{"start":{"line":46,"column":52},"end":{"line":46,"column":61}}],"line":46},"5":{"loc":{"start":{"line":54,"column":15},"end":{"line":54,"column":77}},"type":"cond-expr","locations":[{"start":{"line":54,"column":36},"end":{"line":54,"column":71}},{"start":{"line":54,"column":74},"end":{"line":54,"column":77}}],"line":54},"6":{"loc":{"start":{"line":78,"column":13},"end":{"line":80,"column":13}},"type":"binary-expr","locations":[{"start":{"line":78,"column":13},"end":{"line":78,"column":43}},{"start":{"line":79,"column":14},"end":{"line":79,"column":60}}],"line":78},"7":{"loc":{"start":{"line":85,"column":30},"end":{"line":85,"column":58}},"type":"binary-expr","locations":[{"start":{"line":85,"column":30},"end":{"line":85,"column":36}},{"start":{"line":85,"column":40},"end":{"line":85,"column":58}}],"line":85},"8":{"loc":{"start":{"line":90,"column":40},"end":{"line":90,"column":77}},"type":"cond-expr","locations":[{"start":{"line":90,"column":50},"end":{"line":90,"column":61}},{"start":{"line":90,"column":64},"end":{"line":90,"column":77}}],"line":90}},"s":{"0":0,"1":0,"2":0,"3":0,"4":0,"5":0,"6":0,"7":0,"8":0,"9":0,"10":0,"11":0,"12":0,"13":0,"14":0,"15":0,"16":0,"17":0,"18":0},"f":{"0":0,"1":0},"b":{"0":[0,0],"1":[0,0],"2":[0,0],"3":[0,0],"4":[0,0],"5":[0,0],"6":[0,0],"7":[0,0],"8":[0,0]}}
,"C:\\Users\\Binu\\Documents\\GitHub\\PhotoSnap\\src\\types\\index.ts": {"path":"C:\\Users\\Binu\\Documents\\GitHub\\PhotoSnap\\src\\types\\index.ts","statementMap":{},"fnMap":{},"branchMap":{},"s":{},"f":{},"b":{}}
}
