TN:
SF:src\theme.ts
FNF:0
FNH:0
DA:1,17
DA:18,17
LF:2
LH:2
BRF:0
BRH:0
end_of_record
TN:
SF:src\components\DateSlider.tsx
FN:20,Wheel
FN:23,(anonymous_1)
FN:24,(anonymous_2)
FN:29,(anonymous_3)
FN:47,(anonymous_4)
FN:73,DateSlider
FN:75,(anonymous_6)
FN:82,(anonymous_7)
FN:88,update
FN:109,(anonymous_9)
FN:116,(anonymous_10)
FN:123,(anonymous_11)
FNF:12
FNH:0
FNDA:0,Wheel
FNDA:0,(anonymous_1)
FNDA:0,(anonymous_2)
FNDA:0,(anonymous_3)
FNDA:0,(anonymous_4)
FNDA:0,DateSlider
FNDA:0,(anonymous_6)
FNDA:0,(anonymous_7)
FNDA:0,update
FNDA:0,(anonymous_9)
FNDA:0,(anonymous_10)
FNDA:0,(anonymous_11)
DA:5,1
DA:6,1
DA:7,1
DA:8,1
DA:10,1
DA:11,1
DA:21,0
DA:23,0
DA:24,0
DA:25,0
DA:29,0
DA:30,0
DA:31,0
DA:32,0
DA:35,0
DA:48,0
DA:49,0
DA:50,0
DA:51,0
DA:74,0
DA:75,0
DA:77,0
DA:78,0
DA:79,0
DA:81,0
DA:82,0
DA:84,0
DA:85,0
DA:86,0
DA:89,0
DA:90,0
DA:91,0
DA:92,0
DA:93,0
DA:96,0
DA:109,0
DA:116,0
DA:123,0
DA:139,1
DA:141,1
LF:40
LH:8
BRDA:20,0,0,0
BRDA:49,1,0,0
BRDA:49,1,1,0
BRDA:49,2,0,0
BRDA:49,2,1,0
BRDA:50,3,0,0
BRDA:50,3,1,0
BRDA:55,4,0,0
BRDA:55,4,1,0
BRDA:74,5,0,0
BRDA:74,5,1,0
BRDA:92,6,0,0
BRDA:92,6,1,0
BRDA:92,7,0,0
BRDA:92,7,1,0
BRF:15
BRH:0
end_of_record
TN:
SF:src\components\EncryptedImage.tsx
FN:15,EncryptedImage
FN:19,(anonymous_1)
FN:25,(anonymous_2)
FN:26,(anonymous_3)
FN:28,(anonymous_4)
FNF:5
FNH:5
FNDA:9,EncryptedImage
FNDA:5,(anonymous_1)
FNDA:3,(anonymous_2)
FNDA:1,(anonymous_3)
FNDA:5,(anonymous_4)
DA:16,9
DA:17,9
DA:19,9
DA:20,5
DA:21,5
DA:22,5
DA:24,5
DA:25,3
DA:26,1
DA:28,5
DA:31,9
DA:32,5
DA:39,4
DA:40,1
DA:43,3
DA:53,3
LF:16
LH:16
BRDA:15,0,0,9
BRDA:25,1,0,3
BRDA:25,1,1,0
BRDA:26,2,0,1
BRDA:26,2,1,0
BRDA:31,3,0,5
BRDA:31,3,1,4
BRDA:39,4,0,1
BRDA:39,4,1,3
BRF:9
BRH:7
end_of_record
TN:
SF:src\components\TabBar.tsx
FN:17,TabBar
FN:22,(anonymous_1)
FN:31,(anonymous_2)
FN:40,(anonymous_3)
FN:54,(anonymous_4)
FNF:5
FNH:4
FNDA:28,TabBar
FNDA:4,(anonymous_1)
FNDA:140,(anonymous_2)
FNDA:0,(anonymous_3)
FNDA:4,(anonymous_4)
DA:9,4
DA:18,28
DA:19,28
DA:20,28
DA:22,28
DA:23,4
DA:28,28
DA:32,140
DA:33,140
DA:35,140
DA:36,28
DA:40,0
DA:50,112
DA:54,4
DA:78,4
LF:15
LH:14
BRDA:17,0,0,5
BRDA:35,1,0,28
BRDA:35,1,1,112
BRDA:43,2,0,28
BRDA:43,2,1,0
BRDA:59,3,0,14
BRDA:59,3,1,98
BRDA:61,4,0,14
BRDA:61,4,1,98
BRDA:63,5,0,112
BRDA:63,5,1,28
BRDA:63,5,2,8
BRDA:65,6,0,0
BRDA:65,6,1,8
BRDA:69,7,0,112
BRDA:69,7,1,14
BRDA:83,8,0,4
BRDA:83,8,1,0
BRF:18
BRH:15
end_of_record
TN:
SF:src\constants\scoring.ts
FN:1,calculateScore
FNF:1
FNH:1
FNDA:15,calculateScore
DA:2,15
DA:3,15
DA:4,15
DA:7,15
DA:10,15
DA:17,15
LF:6
LH:6
BRDA:10,0,0,1
BRDA:10,0,1,14
BRDA:11,1,0,5
BRDA:11,1,1,9
BRDA:12,2,0,2
BRDA:12,2,1,7
BRDA:13,3,0,0
BRDA:13,3,1,7
BRDA:14,4,0,2
BRDA:14,4,1,5
BRF:10
BRH:9
end_of_record
TN:
SF:src\lib\crypto.ts
FN:8,bytesToBase64
FN:17,base64ToBytes
FN:30,getOrCreateKey
FN:42,backupKey
FN:43,restoreKeyFromBackup
FN:44,hasLocalKey
FN:48,pkcs7Pad
FN:56,pkcs7Strip
FN:61,encryptFileToBase64
FN:86,decryptToLocalUri
FN:138,clearDecryptCache
FNF:11
FNH:0
FNDA:0,bytesToBase64
FNDA:0,base64ToBytes
FNDA:0,getOrCreateKey
FNDA:0,backupKey
FNDA:0,restoreKeyFromBackup
FNDA:0,hasLocalKey
FNDA:0,pkcs7Pad
FNDA:0,pkcs7Strip
FNDA:0,encryptFileToBase64
FNDA:0,decryptToLocalUri
FNDA:0,clearDecryptCache
DA:9,0
DA:10,0
DA:11,0
DA:12,0
DA:14,0
DA:18,0
DA:19,0
DA:20,0
DA:21,0
DA:28,2
DA:31,0
DA:32,0
DA:36,0
DA:37,0
DA:38,0
DA:39,0
DA:43,0
DA:44,0
DA:49,0
DA:50,0
DA:51,0
DA:52,0
DA:53,0
DA:57,0
DA:58,0
DA:62,0
DA:64,0
DA:67,0
DA:68,0
DA:70,0
DA:72,0
DA:73,0
DA:75,0
DA:76,0
DA:77,0
DA:79,0
DA:84,2
DA:88,0
DA:90,0
DA:93,0
DA:94,0
DA:96,0
DA:97,0
DA:98,0
DA:99,0
DA:103,0
DA:104,0
DA:105,0
DA:106,0
DA:107,0
DA:108,0
DA:110,0
DA:111,0
DA:113,0
DA:116,0
DA:118,0
DA:121,0
DA:122,0
DA:125,0
DA:126,0
DA:127,0
DA:130,0
DA:134,0
DA:135,0
DA:139,0
LF:65
LH:2
BRDA:31,0,0,0
BRDA:31,0,1,0
BRDA:88,1,0,0
BRDA:88,1,1,0
BRDA:97,2,0,0
BRDA:97,2,1,0
BRDA:106,3,0,0
BRDA:106,3,1,0
BRDA:108,4,0,0
BRDA:108,4,1,0
BRDA:111,5,0,0
BRDA:111,5,1,0
BRF:12
BRH:0
end_of_record
TN:
SF:src\lib\dates.ts
FN:1,toLocalDateString
FN:8,localMidnight
FNF:2
FNH:2
FNDA:6,toLocalDateString
FNDA:11,localMidnight
DA:2,6
DA:3,6
DA:4,6
DA:5,6
DA:9,11
DA:10,11
DA:11,11
LF:7
LH:7
BRDA:8,0,0,9
BRF:1
BRH:1
end_of_record
TN:
SF:src\lib\notifications.ts
FN:7,(anonymous_0)
FN:16,registerForPushNotifications
FN:41,savePushToken
FN:48,sendPushNotification
FNF:4
FNH:0
FNDA:0,(anonymous_0)
FNDA:0,registerForPushNotifications
FNDA:0,savePushToken
FNDA:0,sendPushNotification
DA:6,0
DA:7,0
DA:17,0
DA:18,0
DA:24,0
DA:26,0
DA:29,0
DA:31,0
DA:32,0
DA:33,0
DA:35,0
DA:37,0
DA:42,0
DA:43,0
DA:44,0
DA:54,0
LF:16
LH:0
BRDA:17,0,0,0
BRDA:17,0,1,0
BRDA:26,1,0,0
BRDA:26,1,1,0
BRDA:29,2,0,0
BRDA:29,2,1,0
BRDA:43,3,0,0
BRDA:43,3,1,0
BRF:8
BRH:0
end_of_record
TN:
SF:src\lib\supabase.ts
FNF:0
FNH:0
DA:5,5
DA:6,5
DA:8,5
LF:3
LH:3
BRDA:5,0,0,5
BRDA:5,0,1,5
BRDA:6,1,0,5
BRDA:6,1,1,5
BRF:4
BRH:4
end_of_record
TN:
SF:src\screens\auth\LoginScreen.tsx
FN:12,LoginScreen
FN:18,signIn
FN:25,signUp
FN:98,(anonymous_3)
FNF:4
FNH:4
FNDA:18,LoginScreen
FNDA:1,signIn
FNDA:1,signUp
FNDA:4,(anonymous_3)
DA:10,1
DA:13,18
DA:14,18
DA:15,18
DA:16,18
DA:19,1
DA:20,1
DA:21,1
DA:22,1
DA:26,1
DA:27,1
DA:32,1
DA:33,1
DA:34,1
DA:37,18
DA:98,4
DA:111,1
LF:17
LH:17
BRDA:21,0,0,0
BRDA:21,0,1,1
BRDA:32,1,0,0
BRDA:32,1,1,1
BRDA:38,2,0,18
BRDA:38,2,1,0
BRDA:53,3,0,11
BRDA:53,3,1,7
BRDA:84,4,0,18
BRDA:84,4,1,2
BRDA:85,5,0,11
BRDA:85,5,1,7
BRDA:90,6,0,2
BRDA:90,6,1,16
BRDA:90,7,0,10
BRDA:90,7,1,6
BRDA:96,8,0,11
BRDA:96,8,1,7
BRDA:98,9,0,3
BRDA:98,9,1,1
BRDA:100,10,0,11
BRDA:100,10,1,7
BRF:22
BRH:19
end_of_record
TN:
SF:src\screens\chat\ChatScreen.tsx
FN:26,ChatScreen
FN:39,(anonymous_1)
FN:43,init
FN:79,(anonymous_3)
FN:82,(anonymous_4)
FN:88,(anonymous_5)
FN:91,sendMessage
FN:102,(anonymous_7)
FN:114,(anonymous_8)
FN:136,(anonymous_9)
FN:159,(anonymous_10)
FN:162,(anonymous_11)
FNF:12
FNH:0
FNDA:0,ChatScreen
FNDA:0,(anonymous_1)
FNDA:0,init
FNDA:0,(anonymous_3)
FNDA:0,(anonymous_4)
FNDA:0,(anonymous_5)
FNDA:0,sendMessage
FNDA:0,(anonymous_7)
FNDA:0,(anonymous_8)
FNDA:0,(anonymous_9)
FNDA:0,(anonymous_10)
FNDA:0,(anonymous_11)
DA:27,0
DA:28,0
DA:29,0
DA:31,0
DA:32,0
DA:33,0
DA:34,0
DA:35,0
DA:36,0
DA:37,0
DA:39,0
DA:40,0
DA:44,0
DA:45,0
DA:46,0
DA:48,0
DA:58,0
DA:59,0
DA:60,0
DA:61,0
DA:64,0
DA:72,0
DA:80,0
DA:81,0
DA:82,0
DA:83,0
DA:88,0
DA:92,0
DA:93,0
DA:94,0
DA:96,0
DA:102,0
DA:104,0
DA:105,0
DA:114,0
DA:115,0
DA:116,0
DA:130,0
DA:136,0
DA:159,0
DA:162,0
DA:201,0
LF:42
LH:0
BRDA:45,0,0,0
BRDA:45,0,1,0
BRDA:58,1,0,0
BRDA:58,1,1,0
BRDA:59,2,0,0
BRDA:59,2,1,0
BRDA:60,3,0,0
BRDA:60,3,1,0
BRDA:81,4,0,0
BRDA:81,4,1,0
BRDA:93,5,0,0
BRDA:93,5,1,0
BRDA:93,6,0,0
BRDA:93,6,1,0
BRDA:102,7,0,0
BRDA:102,7,1,0
BRDA:104,8,0,0
BRDA:104,8,1,0
BRDA:107,9,0,0
BRDA:107,9,1,0
BRDA:117,10,0,0
BRDA:117,10,1,0
BRDA:118,11,0,0
BRDA:118,11,1,0
BRDA:119,12,0,0
BRDA:119,12,1,0
BRDA:123,13,0,0
BRDA:123,13,1,0
BRDA:141,14,0,0
BRDA:141,14,1,0
BRDA:150,15,0,0
BRDA:150,15,1,0
BRDA:153,16,0,0
BRDA:153,16,1,0
BRDA:188,17,0,0
BRDA:188,17,1,0
BRF:36
BRH:0
end_of_record
TN:
SF:src\screens\friends\FriendRequestsScreen.tsx
FN:16,FriendRequestsScreen
FN:21,(anonymous_1)
FN:25,fetchRequests
FN:38,(anonymous_3)
FN:44,(anonymous_4)
FN:47,(anonymous_5)
FN:48,(anonymous_6)
FN:53,respond
FN:56,(anonymous_8)
FN:56,(anonymous_9)
FN:76,(anonymous_10)
FN:79,(anonymous_11)
FN:93,(anonymous_12)
FN:101,(anonymous_13)
FNF:14
FNH:0
FNDA:0,FriendRequestsScreen
FNDA:0,(anonymous_1)
FNDA:0,fetchRequests
FNDA:0,(anonymous_3)
FNDA:0,(anonymous_4)
FNDA:0,(anonymous_5)
FNDA:0,(anonymous_6)
FNDA:0,respond
FNDA:0,(anonymous_8)
FNDA:0,(anonymous_9)
FNDA:0,(anonymous_10)
FNDA:0,(anonymous_11)
FNDA:0,(anonymous_12)
FNDA:0,(anonymous_13)
DA:17,0
DA:18,0
DA:19,0
DA:21,0
DA:22,0
DA:26,0
DA:27,0
DA:28,0
DA:30,0
DA:36,0
DA:38,0
DA:39,0
DA:44,0
DA:45,0
DA:47,0
DA:48,0
DA:50,0
DA:54,0
DA:55,0
DA:56,0
DA:57,0
DA:60,0
DA:76,0
DA:80,0
DA:93,0
DA:101,0
DA:122,0
LF:27
LH:0
BRDA:28,0,0,0
BRDA:28,0,1,0
BRDA:36,1,0,0
BRDA:36,1,1,0
BRDA:44,2,0,0
BRDA:44,2,1,0
BRDA:66,3,0,0
BRDA:66,3,1,0
BRDA:71,4,0,0
BRDA:71,4,1,0
BRDA:76,5,0,0
BRDA:76,5,1,0
BRDA:77,6,0,0
BRDA:77,6,1,0
BRDA:83,7,0,0
BRDA:83,7,1,0
BRF:16
BRH:0
end_of_record
TN:
SF:src\screens\friends\FriendSearchScreen.tsx
FN:13,FriendSearchScreen
FN:18,search
FN:47,(anonymous_2)
FN:51,sendRequest
FN:63,(anonymous_4)
FN:64,(anonymous_5)
FN:69,StatusChip
FN:81,(anonymous_7)
FN:123,(anonymous_8)
FN:126,(anonymous_9)
FNF:10
FNH:0
FNDA:0,FriendSearchScreen
FNDA:0,search
FNDA:0,(anonymous_2)
FNDA:0,sendRequest
FNDA:0,(anonymous_4)
FNDA:0,(anonymous_5)
FNDA:0,StatusChip
FNDA:0,(anonymous_7)
FNDA:0,(anonymous_8)
FNDA:0,(anonymous_9)
DA:14,0
DA:15,0
DA:16,0
DA:19,0
DA:20,0
DA:22,0
DA:23,0
DA:25,0
DA:32,0
DA:34,0
DA:39,0
DA:40,0
DA:41,0
DA:42,0
DA:43,0
DA:44,0
DA:47,0
DA:48,0
DA:52,0
DA:53,0
DA:55,0
DA:61,0
DA:63,0
DA:64,0
DA:70,0
DA:72,0
DA:74,0
DA:76,0
DA:78,0
DA:81,0
DA:90,0
DA:123,0
DA:127,0
DA:151,0
LF:34
LH:0
BRDA:19,0,0,0
BRDA:19,0,1,0
BRDA:23,1,0,0
BRDA:23,1,1,0
BRDA:32,2,0,0
BRDA:32,2,1,0
BRDA:40,3,0,0
BRDA:40,3,1,0
BRDA:41,4,0,0
BRDA:41,4,1,0
BRDA:42,5,0,0
BRDA:42,5,1,0
BRDA:43,6,0,0
BRDA:43,6,1,0
BRDA:43,7,0,0
BRDA:43,7,1,0
BRDA:44,8,0,0
BRDA:44,8,1,0
BRDA:44,9,0,0
BRDA:44,9,1,0
BRDA:47,10,0,0
BRDA:47,10,1,0
BRDA:53,11,0,0
BRDA:53,11,1,0
BRDA:61,12,0,0
BRDA:61,12,1,0
BRDA:64,13,0,0
BRDA:64,13,1,0
BRDA:70,14,0,0
BRDA:70,14,1,0
BRDA:70,14,2,0
BRDA:70,14,3,0
BRDA:111,15,0,0
BRDA:111,15,1,0
BRDA:118,16,0,0
BRDA:118,16,1,0
BRDA:123,17,0,0
BRDA:123,17,1,0
BRDA:130,18,0,0
BRDA:130,18,1,0
BRDA:141,19,0,0
BRDA:141,19,1,0
BRF:42
BRH:0
end_of_record
TN:
SF:src\screens\friends\FriendStatsScreen.tsx
FN:21,FriendStatsScreen
FN:27,(anonymous_1)
FN:31,fetchStats
FN:46,(anonymous_3)
FN:56,(anonymous_4)
FN:61,(anonymous_5)
FN:63,(anonymous_6)
FN:154,StatCard
FNF:8
FNH:0
FNDA:0,FriendStatsScreen
FNDA:0,(anonymous_1)
FNDA:0,fetchStats
FNDA:0,(anonymous_3)
FNDA:0,(anonymous_4)
FNDA:0,(anonymous_5)
FNDA:0,(anonymous_6)
FNDA:0,StatCard
DA:22,0
DA:23,0
DA:24,0
DA:25,0
DA:27,0
DA:28,0
DA:32,0
DA:33,0
DA:35,0
DA:37,0
DA:39,0
DA:46,0
DA:49,0
DA:56,0
DA:59,0
DA:61,0
DA:63,0
DA:65,0
DA:68,0
DA:69,0
DA:76,0
DA:78,0
DA:80,0
DA:82,0
DA:83,0
DA:84,0
DA:86,0
DA:88,0
DA:157,0
DA:166,0
DA:203,0
LF:31
LH:0
BRDA:33,0,0,0
BRDA:33,0,1,0
BRDA:37,1,0,0
BRDA:37,1,1,0
BRDA:46,2,0,0
BRDA:46,2,1,0
BRDA:56,3,0,0
BRDA:56,3,1,0
BRDA:60,4,0,0
BRDA:60,4,1,0
BRDA:61,5,0,0
BRDA:61,5,1,0
BRDA:61,6,0,0
BRDA:61,6,1,0
BRDA:62,7,0,0
BRDA:62,7,1,0
BRDA:63,8,0,0
BRDA:63,8,1,0
BRDA:63,9,0,0
BRDA:63,9,1,0
BRDA:68,10,0,0
BRDA:68,10,1,0
BRDA:76,11,0,0
BRDA:76,11,1,0
BRDA:78,12,0,0
BRDA:78,12,1,0
BRDA:80,13,0,0
BRDA:80,13,1,0
BRDA:86,14,0,0
BRDA:86,14,1,0
BRDA:86,15,0,0
BRDA:86,15,1,0
BRDA:100,16,0,0
BRDA:100,16,1,0
BRDA:107,17,0,0
BRDA:107,17,1,0
BRDA:113,18,0,0
BRDA:113,18,1,0
BRDA:123,19,0,0
BRDA:123,19,1,0
BRDA:133,20,0,0
BRDA:133,20,1,0
BRDA:133,20,2,0
BRDA:158,21,0,0
BRDA:158,21,1,0
BRDA:160,22,0,0
BRDA:160,22,1,0
BRF:47
BRH:0
end_of_record
TN:
SF:src\screens\friends\FriendsScreen.tsx
FN:23,avatarColor
FN:29,FriendsScreen
FN:36,(anonymous_2)
FN:41,fetchFriends
FN:62,(anonymous_4)
FN:70,(anonymous_5)
FN:73,(anonymous_6)
FN:77,(anonymous_7)
FN:86,startDuel
FN:98,removeFriend
FN:102,(anonymous_10)
FN:119,(anonymous_11)
FN:131,(anonymous_12)
FN:144,(anonymous_13)
FN:147,(anonymous_14)
FN:150,(anonymous_15)
FN:167,(anonymous_16)
FN:177,(anonymous_17)
FN:184,(anonymous_18)
FN:196,(anonymous_19)
FNF:20
FNH:11
FNDA:3,avatarColor
FNDA:8,FriendsScreen
FNDA:4,(anonymous_2)
FNDA:4,fetchFriends
FNDA:3,(anonymous_4)
FNDA:3,(anonymous_5)
FNDA:3,(anonymous_6)
FNDA:3,(anonymous_7)
FNDA:0,startDuel
FNDA:0,removeFriend
FNDA:0,(anonymous_10)
FNDA:0,(anonymous_11)
FNDA:1,(anonymous_12)
FNDA:6,(anonymous_13)
FNDA:3,(anonymous_14)
FNDA:0,(anonymous_15)
FNDA:0,(anonymous_16)
FNDA:0,(anonymous_17)
FNDA:0,(anonymous_18)
FNDA:0,(anonymous_19)
DA:21,1
DA:24,3
DA:25,9
DA:26,3
DA:30,8
DA:31,8
DA:32,8
DA:33,8
DA:35,8
DA:37,4
DA:42,4
DA:43,4
DA:44,4
DA:46,4
DA:59,4
DA:61,4
DA:62,3
DA:63,3
DA:65,3
DA:70,3
DA:71,3
DA:74,3
DA:75,3
DA:77,3
DA:80,1
DA:83,4
DA:87,0
DA:88,0
DA:89,0
DA:94,0
DA:95,0
DA:99,0
DA:103,0
DA:104,0
DA:110,8
DA:119,0
DA:131,1
DA:144,6
DA:148,3
DA:150,0
DA:167,0
DA:177,0
DA:184,0
DA:196,0
DA:211,1
LF:45
LH:31
BRDA:44,0,0,0
BRDA:44,0,1,4
BRDA:59,1,0,4
BRDA:59,1,1,0
BRDA:61,2,0,3
BRDA:61,2,1,1
BRDA:63,3,0,3
BRDA:63,3,1,0
BRDA:70,4,0,3
BRDA:70,4,1,0
BRDA:74,5,0,3
BRDA:74,5,1,0
BRDA:88,6,0,0
BRDA:88,6,1,0
BRDA:94,7,0,0
BRDA:94,7,1,0
BRDA:94,8,0,0
BRDA:94,8,1,0
BRDA:123,9,0,8
BRDA:123,9,1,0
BRDA:139,10,0,4
BRDA:139,10,1,4
BRDA:144,11,0,6
BRDA:144,11,1,0
BRDA:145,12,0,1
BRDA:145,12,1,3
BRDA:158,13,0,3
BRDA:158,13,1,0
BRF:28
BRH:14
end_of_record
TN:
SF:src\screens\game\ChallengesScreen.tsx
FN:31,ChallengesScreen
FN:39,(anonymous_1)
FN:44,fetchPending
FN:76,(anonymous_3)
FN:77,(anonymous_4)
FN:115,(anonymous_5)
FN:121,(anonymous_6)
FN:125,(anonymous_7)
FN:126,(anonymous_8)
FN:126,(anonymous_9)
FN:154,(anonymous_10)
FN:157,(anonymous_11)
FNF:12
FNH:6
FNDA:10,ChallengesScreen
FNDA:5,(anonymous_1)
FNDA:5,fetchPending
FNDA:0,(anonymous_3)
FNDA:0,(anonymous_4)
FNDA:8,(anonymous_5)
FNDA:0,(anonymous_6)
FNDA:0,(anonymous_7)
FNDA:0,(anonymous_8)
FNDA:0,(anonymous_9)
FNDA:4,(anonymous_10)
FNDA:1,(anonymous_11)
DA:32,10
DA:33,10
DA:34,10
DA:35,10
DA:36,10
DA:38,10
DA:40,5
DA:45,5
DA:46,5
DA:47,5
DA:48,5
DA:50,5
DA:65,5
DA:67,5
DA:68,0
DA:69,0
DA:70,0
DA:71,0
DA:73,0
DA:74,0
DA:76,0
DA:77,0
DA:84,5
DA:87,5
DA:90,10
DA:92,10
DA:115,8
DA:122,0
DA:126,0
DA:127,0
DA:128,0
DA:134,0
DA:155,4
DA:157,1
DA:197,1
LF:35
LH:22
BRDA:47,0,0,0
BRDA:47,0,1,5
BRDA:65,1,0,5
BRDA:65,1,1,0
BRDA:67,2,0,0
BRDA:67,2,1,5
BRDA:70,3,0,0
BRDA:70,3,1,0
BRDA:76,4,0,0
BRDA:76,4,1,0
BRDA:79,5,0,0
BRDA:79,5,1,0
BRDA:99,6,0,10
BRDA:99,6,1,4
BRDA:100,7,0,0
BRDA:100,7,1,4
BRDA:103,8,0,10
BRDA:103,8,1,4
BRDA:110,9,0,5
BRDA:110,9,1,5
BRDA:115,10,0,8
BRDA:115,10,1,0
BRDA:116,11,0,1
BRDA:116,11,1,4
BRDA:116,12,0,5
BRDA:116,12,1,1
BRDA:118,13,0,0
BRDA:118,13,1,5
BRDA:127,14,0,0
BRDA:127,14,1,0
BRDA:139,15,0,0
BRDA:139,15,1,0
BRDA:150,16,0,0
BRDA:150,16,1,0
BRDA:165,17,0,4
BRDA:165,17,1,0
BRDA:177,18,0,5
BRDA:177,18,1,0
BRF:38
BRH:18
end_of_record
TN:
SF:src\screens\game\DraftsScreen.tsx
FN:14,DraftsScreen
FN:19,(anonymous_1)
FN:24,openDraft
FN:28,confirmDelete
FN:33,(anonymous_4)
FN:35,(anonymous_5)
FN:35,(anonymous_6)
FN:47,(anonymous_7)
FN:50,(anonymous_8)
FN:51,(anonymous_9)
FN:81,(anonymous_10)
FN:84,(anonymous_11)
FNF:12
FNH:0
FNDA:0,DraftsScreen
FNDA:0,(anonymous_1)
FNDA:0,openDraft
FNDA:0,confirmDelete
FNDA:0,(anonymous_4)
FNDA:0,(anonymous_5)
FNDA:0,(anonymous_6)
FNDA:0,(anonymous_7)
FNDA:0,(anonymous_8)
FNDA:0,(anonymous_9)
FNDA:0,(anonymous_10)
FNDA:0,(anonymous_11)
DA:15,0
DA:16,0
DA:18,0
DA:20,0
DA:25,0
DA:29,0
DA:34,0
DA:35,0
DA:41,0
DA:47,0
DA:51,0
DA:81,0
DA:84,0
DA:102,0
LF:14
LH:0
BRDA:48,0,0,0
BRDA:48,0,1,0
BRDA:52,1,0,0
BRDA:52,1,1,0
BRDA:61,2,0,0
BRDA:61,2,1,0
BRDA:65,3,0,0
BRDA:65,3,1,0
BRDA:71,4,0,0
BRDA:71,4,1,0
BRDA:72,5,0,0
BRDA:72,5,1,0
BRDA:73,6,0,0
BRDA:73,6,1,0
BRF:14
BRH:0
end_of_record
TN:
SF:src\screens\game\DuelScreen.tsx
FN:37,scoreColor
FN:43,DuelScreen
FN:59,(anonymous_2)
FN:61,loadDuel
FN:116,openPhotoPicker
FN:132,pickPhoto
FN:148,acceptAndPickPhoto
FN:152,rejectDuel
FN:157,(anonymous_8)
FN:165,guessPhoto
FN:206,(anonymous_10)
FN:302,(anonymous_11)
FN:327,(anonymous_12)
FN:333,(anonymous_13)
FN:335,(anonymous_14)
FN:338,(anonymous_15)
FNF:16
FNH:0
FNDA:0,scoreColor
FNDA:0,DuelScreen
FNDA:0,(anonymous_2)
FNDA:0,loadDuel
FNDA:0,openPhotoPicker
FNDA:0,pickPhoto
FNDA:0,acceptAndPickPhoto
FNDA:0,rejectDuel
FNDA:0,(anonymous_8)
FNDA:0,guessPhoto
FNDA:0,(anonymous_10)
FNDA:0,(anonymous_11)
FNDA:0,(anonymous_12)
FNDA:0,(anonymous_13)
FNDA:0,(anonymous_14)
FNDA:0,(anonymous_15)
DA:38,0
DA:39,0
DA:40,0
DA:44,0
DA:45,0
DA:46,0
DA:48,0
DA:49,0
DA:50,0
DA:51,0
DA:52,0
DA:53,0
DA:56,0
DA:57,0
DA:59,0
DA:62,0
DA:63,0
DA:64,0
DA:65,0
DA:67,0
DA:79,0
DA:80,0
DA:81,0
DA:84,0
DA:85,0
DA:95,0
DA:96,0
DA:99,0
DA:100,0
DA:101,0
DA:102,0
DA:108,0
DA:109,0
DA:113,0
DA:117,0
DA:118,0
DA:119,0
DA:120,0
DA:127,0
DA:128,0
DA:129,0
DA:133,0
DA:134,0
DA:135,0
DA:137,0
DA:138,0
DA:140,0
DA:145,0
DA:149,0
DA:153,0
DA:158,0
DA:159,0
DA:166,0
DA:173,0
DA:174,0
DA:175,0
DA:180,0
DA:182,0
DA:185,0
DA:186,0
DA:194,0
DA:195,0
DA:196,0
DA:197,0
DA:198,0
DA:199,0
DA:200,0
DA:202,0
DA:206,0
DA:302,0
DA:327,0
DA:333,0
DA:336,0
DA:338,0
DA:366,0
LF:75
LH:0
BRDA:38,0,0,0
BRDA:38,0,1,0
BRDA:39,1,0,0
BRDA:39,1,1,0
BRDA:64,2,0,0
BRDA:64,2,1,0
BRDA:79,3,0,0
BRDA:79,3,1,0
BRDA:84,4,0,0
BRDA:84,4,1,0
BRDA:84,5,0,0
BRDA:84,5,1,0
BRDA:95,6,0,0
BRDA:95,6,1,0
BRDA:96,7,0,0
BRDA:96,7,1,0
BRDA:99,8,0,0
BRDA:99,8,1,0
BRDA:99,9,0,0
BRDA:99,9,1,0
BRDA:99,9,2,0
BRDA:100,10,0,0
BRDA:100,10,1,0
BRDA:101,11,0,0
BRDA:101,11,1,0
BRDA:105,12,0,0
BRDA:105,12,1,0
BRDA:119,13,0,0
BRDA:119,13,1,0
BRDA:127,14,0,0
BRDA:127,14,1,0
BRDA:133,15,0,0
BRDA:133,15,1,0
BRDA:137,16,0,0
BRDA:137,16,1,0
BRDA:174,17,0,0
BRDA:174,17,1,0
BRDA:182,18,0,0
BRDA:182,18,1,0
BRDA:185,19,0,0
BRDA:185,19,1,0
BRDA:185,20,0,0
BRDA:185,20,1,0
BRDA:195,21,0,0
BRDA:195,21,1,0
BRDA:196,22,0,0
BRDA:196,22,1,0
BRDA:197,23,0,0
BRDA:197,23,1,0
BRDA:198,24,0,0
BRDA:198,24,1,0
BRDA:199,25,0,0
BRDA:199,25,1,0
BRDA:200,26,0,0
BRDA:200,26,1,0
BRDA:223,27,0,0
BRDA:223,27,1,0
BRDA:225,28,0,0
BRDA:225,28,1,0
BRDA:233,29,0,0
BRDA:233,29,1,0
BRDA:234,30,0,0
BRDA:234,30,1,0
BRDA:240,31,0,0
BRDA:240,31,1,0
BRDA:241,32,0,0
BRDA:241,32,1,0
BRDA:249,33,0,0
BRDA:249,33,1,0
BRDA:256,34,0,0
BRDA:256,34,1,0
BRDA:256,34,2,0
BRDA:256,34,3,0
BRDA:261,35,0,0
BRDA:261,35,1,0
BRDA:267,36,0,0
BRDA:267,36,1,0
BRDA:267,36,2,0
BRDA:267,36,3,0
BRDA:274,37,0,0
BRDA:274,37,1,0
BRDA:274,37,2,0
BRDA:279,38,0,0
BRDA:279,38,1,0
BRDA:288,39,0,0
BRDA:288,39,1,0
BRDA:288,39,2,0
BRDA:288,39,3,0
BRDA:293,40,0,0
BRDA:293,40,1,0
BRDA:295,41,0,0
BRDA:295,41,1,0
BRDA:296,42,0,0
BRDA:296,42,1,0
BRDA:297,43,0,0
BRDA:297,43,1,0
BRDA:310,44,0,0
BRDA:310,44,1,0
BRDA:313,45,0,0
BRDA:313,45,1,0
BRDA:313,46,0,0
BRDA:313,46,1,0
BRDA:343,47,0,0
BRDA:343,47,1,0
BRDA:344,48,0,0
BRDA:344,48,1,0
BRDA:348,49,0,0
BRDA:348,49,1,0
BRF:108
BRH:0
end_of_record
TN:
SF:src\screens\game\DuelsScreen.tsx
FN:29,statusLabel
FN:49,DuelsScreen
FN:56,(anonymous_2)
FN:59,loadDuels
FN:99,(anonymous_4)
FN:102,(anonymous_5)
FN:110,(anonymous_6)
FNF:7
FNH:7
FNDA:20,statusLabel
FNDA:12,DuelsScreen
FNDA:6,(anonymous_2)
FNDA:6,loadDuels
FNDA:15,(anonymous_4)
FNDA:10,(anonymous_5)
FNDA:1,(anonymous_6)
DA:30,20
DA:31,20
DA:33,8
DA:34,2
DA:35,1
DA:37,2
DA:39,8
DA:40,2
DA:41,1
DA:43,2
DA:45,0
DA:50,12
DA:51,12
DA:52,12
DA:53,12
DA:55,12
DA:56,6
DA:60,6
DA:61,6
DA:62,6
DA:63,6
DA:65,6
DA:76,6
DA:77,6
DA:80,12
DA:81,6
DA:89,6
DA:99,15
DA:103,10
DA:104,10
DA:105,10
DA:107,10
DA:110,1
DA:146,2
LF:34
LH:33
BRDA:31,0,0,8
BRDA:31,0,1,2
BRDA:31,0,2,8
BRDA:31,0,3,2
BRDA:31,0,4,0
BRDA:33,1,0,6
BRDA:33,1,1,2
BRDA:33,2,0,8
BRDA:33,2,1,7
BRDA:34,3,0,1
BRDA:34,3,1,1
BRDA:39,4,0,6
BRDA:39,4,1,2
BRDA:40,5,0,1
BRDA:40,5,1,1
BRDA:62,6,0,0
BRDA:62,6,1,6
BRDA:76,7,0,6
BRDA:76,7,1,0
BRDA:80,8,0,6
BRDA:80,8,1,6
BRDA:100,9,0,1
BRDA:100,9,1,5
BRDA:104,10,0,10
BRDA:104,10,1,0
BRDA:119,11,0,10
BRDA:119,11,1,5
BRDA:119,11,2,5
BRF:28
BRH:24
end_of_record
TN:
SF:src\screens\game\FeedScreen.tsx
FN:28,timeAgo
FN:40,getTimeLeft
FN:50,challengeBadge
FN:58,scoreColor
FN:67,PostCard
FN:84,(anonymous_5)
FN:85,(anonymous_6)
FN:86,(anonymous_7)
FN:141,(anonymous_8)
FN:145,(anonymous_9)
FN:180,(anonymous_10)
FN:197,FeedScreen
FN:208,(anonymous_12)
FN:209,(anonymous_13)
FN:209,(anonymous_14)
FN:210,(anonymous_15)
FN:214,(anonymous_16)
FN:217,loadFeed
FN:242,(anonymous_18)
FN:265,(anonymous_19)
FN:273,(anonymous_20)
FN:277,(anonymous_21)
FN:292,handleGuessTap
FN:312,handleReactionTap
FN:313,(anonymous_24)
FN:318,(anonymous_25)
FN:318,(anonymous_26)
FN:320,(anonymous_27)
FN:328,(anonymous_28)
FN:328,(anonymous_29)
FN:331,(anonymous_30)
FN:360,(anonymous_31)
FN:376,(anonymous_32)
FN:388,(anonymous_33)
FN:389,(anonymous_34)
FN:398,(anonymous_35)
FN:407,(anonymous_36)
FNF:37
FNH:15
FNDA:13,timeAgo
FNDA:12,getTimeLeft
FNDA:6,challengeBadge
FNDA:0,scoreColor
FNDA:6,PostCard
FNDA:0,(anonymous_5)
FNDA:24,(anonymous_6)
FNDA:0,(anonymous_7)
FNDA:24,(anonymous_8)
FNDA:0,(anonymous_9)
FNDA:0,(anonymous_10)
FNDA:14,FeedScreen
FNDA:7,(anonymous_12)
FNDA:0,(anonymous_13)
FNDA:0,(anonymous_14)
FNDA:7,(anonymous_15)
FNDA:7,(anonymous_16)
FNDA:7,loadFeed
FNDA:0,(anonymous_18)
FNDA:6,(anonymous_19)
FNDA:0,(anonymous_20)
FNDA:6,(anonymous_21)
FNDA:0,handleGuessTap
FNDA:0,handleReactionTap
FNDA:0,(anonymous_24)
FNDA:0,(anonymous_25)
FNDA:0,(anonymous_26)
FNDA:0,(anonymous_27)
FNDA:0,(anonymous_28)
FNDA:0,(anonymous_29)
FNDA:0,(anonymous_30)
FNDA:0,(anonymous_31)
FNDA:0,(anonymous_32)
FNDA:12,(anonymous_33)
FNDA:6,(anonymous_34)
FNDA:0,(anonymous_35)
FNDA:0,(anonymous_36)
DA:23,2
DA:29,13
DA:30,13
DA:31,13
DA:32,12
DA:33,10
DA:34,10
DA:35,2
DA:36,2
DA:37,1
DA:41,12
DA:42,12
DA:43,10
DA:44,10
DA:45,10
DA:46,3
DA:47,1
DA:51,6
DA:52,6
DA:53,1
DA:54,0
DA:55,0
DA:59,0
DA:60,0
DA:61,0
DA:62,0
DA:78,6
DA:79,6
DA:80,6
DA:81,6
DA:82,6
DA:84,6
DA:85,6
DA:86,24
DA:87,24
DA:90,6
DA:142,24
DA:145,0
DA:180,0
DA:198,14
DA:199,14
DA:200,14
DA:201,14
DA:202,14
DA:203,14
DA:204,14
DA:207,14
DA:208,14
DA:209,7
DA:210,7
DA:213,14
DA:214,7
DA:218,7
DA:219,7
DA:221,7
DA:222,7
DA:223,7
DA:224,7
DA:226,7
DA:240,7
DA:242,7
DA:243,0
DA:245,7
DA:247,7
DA:260,7
DA:261,1
DA:262,1
DA:265,6
DA:266,6
DA:272,6
DA:273,0
DA:276,6
DA:277,6
DA:280,6
DA:285,6
DA:287,7
DA:288,7
DA:293,0
DA:295,0
DA:296,0
DA:302,0
DA:303,0
DA:304,0
DA:306,0
DA:309,0
DA:313,0
DA:315,0
DA:316,0
DA:318,0
DA:320,0
DA:323,0
DA:327,0
DA:328,0
DA:331,0
DA:338,14
DA:339,7
DA:347,7
DA:351,7
DA:360,0
DA:376,0
DA:388,12
DA:390,6
DA:398,0
DA:407,0
DA:421,2
LF:105
LH:74
BRDA:31,0,0,1
BRDA:31,0,1,12
BRDA:32,1,0,2
BRDA:32,1,1,10
BRDA:34,2,0,8
BRDA:34,2,1,2
BRDA:36,3,0,1
BRDA:36,3,1,1
BRDA:42,4,0,2
BRDA:42,4,1,10
BRDA:45,5,0,7
BRDA:45,5,1,3
BRDA:46,6,0,2
BRDA:46,6,1,1
BRDA:51,7,0,0
BRDA:51,7,1,6
BRDA:51,8,0,6
BRDA:51,8,1,6
BRDA:52,9,0,5
BRDA:52,9,1,1
BRDA:53,10,0,1
BRDA:53,10,1,0
BRDA:54,11,0,0
BRDA:54,11,1,0
BRDA:59,12,0,0
BRDA:59,12,1,0
BRDA:60,13,0,0
BRDA:60,13,1,0
BRDA:61,14,0,0
BRDA:61,14,1,0
BRDA:79,15,0,6
BRDA:79,15,1,0
BRDA:81,16,0,6
BRDA:81,16,1,6
BRDA:84,17,0,6
BRDA:84,17,1,6
BRDA:86,18,0,24
BRDA:86,18,1,0
BRDA:93,19,0,6
BRDA:93,19,1,0
BRDA:103,20,0,6
BRDA:103,20,1,0
BRDA:108,21,0,6
BRDA:108,21,1,0
BRDA:109,22,0,6
BRDA:109,22,1,6
BRDA:121,23,0,6
BRDA:121,23,1,0
BRDA:123,24,0,6
BRDA:123,24,1,0
BRDA:128,25,0,6
BRDA:128,25,1,6
BRDA:135,26,0,6
BRDA:135,26,1,0
BRDA:144,27,0,24
BRDA:144,27,1,0
BRDA:149,28,0,24
BRDA:149,28,1,0
BRDA:150,29,0,0
BRDA:150,29,1,0
BRDA:159,30,0,6
BRDA:159,30,1,6
BRDA:161,31,0,0
BRDA:161,31,1,6
BRDA:162,32,0,0
BRDA:162,32,1,0
BRDA:167,33,0,6
BRDA:167,33,1,6
BRDA:168,34,0,0
BRDA:168,34,1,6
BRDA:169,35,0,0
BRDA:169,35,1,0
BRDA:170,36,0,0
BRDA:170,36,1,0
BRDA:171,37,0,0
BRDA:171,37,1,0
BRDA:175,38,0,0
BRDA:175,38,1,6
BRDA:183,39,0,0
BRDA:183,39,1,6
BRDA:217,40,0,7
BRDA:218,41,0,0
BRDA:218,41,1,7
BRDA:223,42,0,0
BRDA:223,42,1,7
BRDA:240,43,0,7
BRDA:240,43,1,7
BRDA:242,44,0,7
BRDA:242,44,1,0
BRDA:243,45,0,0
BRDA:243,45,1,0
BRDA:260,46,0,1
BRDA:260,46,1,6
BRDA:273,47,0,6
BRDA:273,47,1,0
BRDA:277,48,0,6
BRDA:277,48,1,6
BRDA:285,49,0,6
BRDA:285,49,1,0
BRDA:295,50,0,0
BRDA:295,50,1,0
BRDA:302,51,0,0
BRDA:302,51,1,0
BRDA:302,52,0,0
BRDA:302,52,1,0
BRDA:315,53,0,0
BRDA:315,53,1,0
BRDA:318,54,0,0
BRDA:318,54,1,0
BRDA:328,55,0,0
BRDA:328,55,1,0
BRDA:331,56,0,0
BRDA:331,56,1,0
BRDA:338,57,0,7
BRDA:338,57,1,7
BRDA:347,58,0,0
BRDA:347,58,1,7
BRDA:364,59,0,7
BRDA:364,59,1,0
BRDA:366,60,0,0
BRDA:366,60,1,0
BRDA:373,61,0,7
BRDA:373,61,1,0
BRDA:400,62,0,1
BRDA:400,62,1,6
BRF:125
BRH:65
end_of_record
TN:
SF:src\screens\game\GuessScreen.tsx
FN:21,scoreLocation
FN:22,(anonymous_1)
FN:27,(anonymous_2)
FN:28,(anonymous_3)
FN:29,(anonymous_4)
FN:33,GuessScreen
FN:40,(anonymous_6)
FN:46,(anonymous_7)
FN:48,fetchRound
FN:83,submitDateGuess
FN:98,submitLocationGuess
FN:141,(anonymous_11)
FN:162,(anonymous_12)
FN:188,(anonymous_13)
FN:212,(anonymous_14)
FN:233,(anonymous_15)
FNF:16
FNH:10
FNDA:9,scoreLocation
FNDA:18,(anonymous_1)
FNDA:9,(anonymous_2)
FNDA:5,(anonymous_3)
FNDA:3,(anonymous_4)
FNDA:17,GuessScreen
FNDA:8,(anonymous_6)
FNDA:8,(anonymous_7)
FNDA:8,fetchRound
FNDA:1,submitDateGuess
FNDA:0,submitLocationGuess
FNDA:0,(anonymous_11)
FNDA:0,(anonymous_12)
FNDA:0,(anonymous_13)
FNDA:0,(anonymous_14)
FNDA:0,(anonymous_15)
DA:22,18
DA:23,9
DA:24,9
DA:25,9
DA:26,7
DA:27,9
DA:28,5
DA:29,3
DA:30,1
DA:34,17
DA:35,17
DA:36,17
DA:38,17
DA:39,17
DA:40,17
DA:41,17
DA:42,17
DA:43,17
DA:44,17
DA:46,17
DA:49,8
DA:50,8
DA:56,8
DA:57,8
DA:58,8
DA:59,8
DA:61,8
DA:62,1
DA:63,1
DA:64,1
DA:65,0
DA:66,0
DA:68,1
DA:69,1
DA:70,1
DA:80,8
DA:84,1
DA:85,1
DA:86,1
DA:87,1
DA:90,1
DA:91,1
DA:99,0
DA:100,0
DA:101,0
DA:102,0
DA:109,17
DA:110,8
DA:118,9
DA:119,0
DA:126,9
DA:127,9
DA:134,9
DA:135,9
DA:137,9
DA:141,0
DA:162,0
DA:188,0
DA:212,0
DA:233,0
DA:243,2
LF:61
LH:49
BRDA:25,0,0,2
BRDA:25,0,1,7
BRDA:26,1,0,3
BRDA:26,1,1,4
BRDA:28,2,0,2
BRDA:28,2,1,2
BRDA:29,3,0,1
BRDA:29,3,1,1
BRDA:29,4,0,3
BRDA:29,4,1,3
BRDA:56,5,0,8
BRDA:56,5,1,0
BRDA:61,6,0,1
BRDA:61,6,1,7
BRDA:61,7,0,8
BRDA:61,7,1,1
BRDA:63,8,0,1
BRDA:63,8,1,0
BRDA:64,9,0,0
BRDA:64,9,1,1
BRDA:65,10,0,0
BRDA:65,10,1,0
BRDA:65,11,0,0
BRDA:65,11,1,0
BRDA:66,12,0,0
BRDA:66,12,1,0
BRDA:68,13,0,1
BRDA:68,13,1,0
BRDA:68,14,0,1
BRDA:68,14,1,0
BRDA:73,15,0,0
BRDA:73,15,1,1
BRDA:75,16,0,1
BRDA:75,16,1,0
BRDA:75,17,0,1
BRDA:75,17,1,0
BRDA:84,18,0,0
BRDA:84,18,1,1
BRDA:84,19,0,1
BRDA:84,19,1,1
BRDA:86,20,0,1
BRDA:86,20,1,0
BRDA:87,21,0,0
BRDA:87,21,1,1
BRDA:89,22,0,1
BRDA:89,22,1,0
BRDA:89,23,0,1
BRDA:89,23,1,0
BRDA:99,24,0,0
BRDA:99,24,1,0
BRDA:99,25,0,0
BRDA:99,25,1,0
BRDA:100,26,0,0
BRDA:100,26,1,0
BRDA:101,27,0,0
BRDA:101,27,1,0
BRDA:109,28,0,8
BRDA:109,28,1,9
BRDA:118,29,0,0
BRDA:118,29,1,9
BRDA:118,30,0,9
BRDA:118,30,1,9
BRDA:126,31,0,9
BRDA:126,31,1,0
BRDA:127,32,0,2
BRDA:127,32,1,7
BRDA:128,33,0,0
BRDA:128,33,1,2
BRDA:129,34,0,1
BRDA:129,34,1,1
BRDA:130,35,0,0
BRDA:130,35,1,1
BRDA:134,36,0,3
BRDA:134,36,1,6
BRDA:135,37,0,3
BRDA:135,37,1,6
BRDA:147,38,0,9
BRDA:147,38,1,0
BRDA:152,39,0,9
BRDA:152,39,1,9
BRDA:155,40,0,6
BRDA:155,40,1,3
BRDA:172,41,0,0
BRDA:172,41,1,9
BRDA:179,42,0,2
BRDA:179,42,1,7
BRDA:198,43,0,3
BRDA:198,43,1,4
BRDA:218,44,0,7
BRDA:218,44,1,3
BRDA:219,45,0,3
BRDA:219,45,1,4
BRF:92
BRH:59
end_of_record
TN:
SF:src\screens\game\HistoryScreen.tsx
FN:27,HistoryScreen
FN:32,(anonymous_1)
FN:37,fetchHistory
FN:51,(anonymous_3)
FN:57,(anonymous_4)
FN:63,(anonymous_5)
FN:64,(anonymous_6)
FN:67,(anonymous_7)
FN:75,(anonymous_8)
FN:80,(anonymous_9)
FN:104,(anonymous_10)
FN:107,(anonymous_11)
FNF:12
FNH:11
FNDA:6,HistoryScreen
FNDA:3,(anonymous_1)
FNDA:3,fetchHistory
FNDA:2,(anonymous_3)
FNDA:2,(anonymous_4)
FNDA:2,(anonymous_5)
FNDA:0,(anonymous_6)
FNDA:2,(anonymous_7)
FNDA:2,(anonymous_8)
FNDA:2,(anonymous_9)
FNDA:4,(anonymous_10)
FNDA:2,(anonymous_11)
DA:28,6
DA:29,6
DA:31,6
DA:33,3
DA:38,3
DA:39,3
DA:40,3
DA:42,3
DA:49,3
DA:51,2
DA:52,2
DA:57,2
DA:58,2
DA:63,2
DA:64,2
DA:66,2
DA:68,2
DA:69,2
DA:75,2
DA:77,2
DA:80,6
DA:82,6
DA:104,4
DA:108,2
DA:114,2
DA:115,2
DA:119,2
DA:165,1
LF:28
LH:28
BRDA:40,0,0,0
BRDA:40,0,1,3
BRDA:49,1,0,1
BRDA:49,1,1,2
BRDA:57,2,0,2
BRDA:57,2,1,0
BRDA:63,3,0,2
BRDA:63,3,1,0
BRDA:64,4,0,2
BRDA:64,4,1,2
BRDA:71,5,0,2
BRDA:71,5,1,0
BRDA:72,6,0,2
BRDA:72,6,1,2
BRDA:80,7,0,2
BRDA:80,7,1,0
BRDA:91,8,0,6
BRDA:91,8,1,2
BRDA:99,9,0,3
BRDA:99,9,1,3
BRDA:104,10,0,4
BRDA:104,10,1,0
BRDA:105,11,0,1
BRDA:105,11,1,2
BRDA:115,12,0,2
BRDA:115,12,1,0
BRDA:116,13,0,0
BRDA:116,13,1,0
BRDA:117,14,0,0
BRDA:117,14,1,0
BRDA:126,15,0,2
BRDA:126,15,1,2
BRDA:143,16,0,2
BRDA:143,16,1,0
BRDA:144,17,0,0
BRDA:144,17,1,2
BRF:36
BRH:23
end_of_record
TN:
SF:src\screens\game\HomeScreen.tsx
FN:14,HomeScreen
FN:20,(anonymous_1)
FN:25,fetchData
FN:39,(anonymous_3)
FN:63,(anonymous_4)
FN:75,(anonymous_5)
FN:116,(anonymous_6)
FN:120,(anonymous_7)
FNF:8
FNH:8
FNDA:14,HomeScreen
FNDA:7,(anonymous_1)
FNDA:7,fetchData
FNDA:14,(anonymous_3)
FNDA:1,(anonymous_4)
FNDA:1,(anonymous_5)
FNDA:84,(anonymous_6)
FNDA:2,(anonymous_7)
DA:15,14
DA:16,14
DA:17,14
DA:19,14
DA:21,7
DA:26,7
DA:27,7
DA:29,7
DA:35,7
DA:36,7
DA:39,14
DA:40,14
DA:41,14
DA:42,0
DA:43,0
DA:46,14
DA:63,1
DA:75,1
DA:117,84
DA:120,2
DA:137,1
LF:21
LH:19
BRDA:27,0,0,0
BRDA:27,0,1,7
BRDA:35,1,0,7
BRDA:35,1,1,0
BRDA:36,2,0,7
BRDA:36,2,1,0
BRDA:41,3,0,14
BRDA:41,3,1,0
BRDA:42,4,0,0
BRDA:42,4,1,0
BRDA:59,5,0,14
BRDA:59,5,1,7
BRDA:67,6,0,7
BRDA:67,6,1,7
BRDA:74,7,0,14
BRDA:74,7,1,7
BRDA:83,8,0,14
BRDA:83,8,1,7
BRDA:90,9,0,7
BRDA:90,9,1,7
BRDA:91,10,0,7
BRDA:91,10,1,0
BRDA:95,11,0,7
BRDA:95,11,1,7
BRDA:101,12,0,7
BRDA:101,12,1,7
BRF:26
BRH:19
end_of_record
TN:
SF:src\screens\game\LeaderboardScreen.tsx
FN:14,LeaderboardScreen
FN:19,(anonymous_1)
FN:23,loadData
FN:47,(anonymous_3)
FN:84,(anonymous_4)
FNF:5
FNH:0
FNDA:0,LeaderboardScreen
FNDA:0,(anonymous_1)
FNDA:0,loadData
FNDA:0,(anonymous_3)
FNDA:0,(anonymous_4)
DA:11,0
DA:12,0
DA:15,0
DA:16,0
DA:17,0
DA:19,0
DA:20,0
DA:24,0
DA:28,0
DA:29,0
DA:30,0
DA:33,0
DA:47,0
DA:85,0
DA:86,0
DA:87,0
DA:114,0
LF:17
LH:0
BRDA:28,0,0,0
BRDA:28,0,1,0
BRDA:29,1,0,0
BRDA:29,1,1,0
BRDA:42,2,0,0
BRDA:42,2,1,0
BRDA:47,3,0,0
BRDA:47,3,1,0
BRDA:48,4,0,0
BRDA:48,4,1,0
BRDA:51,5,0,0
BRDA:51,5,1,0
BRDA:56,6,0,0
BRDA:56,6,1,0
BRDA:58,7,0,0
BRDA:58,7,1,0
BRDA:65,8,0,0
BRDA:65,8,1,0
BRDA:69,9,0,0
BRDA:69,9,1,0
BRDA:76,10,0,0
BRDA:76,10,1,0
BRDA:78,11,0,0
BRDA:78,11,1,0
BRDA:85,12,0,0
BRDA:85,12,1,0
BRDA:88,13,0,0
BRDA:88,13,1,0
BRDA:91,14,0,0
BRDA:91,14,1,0
BRDA:92,15,0,0
BRDA:92,15,1,0
BRDA:96,16,0,0
BRDA:96,16,1,0
BRF:34
BRH:0
end_of_record
TN:
SF:src\screens\game\LeagueScreen.tsx
FN:21,getTier
FN:29,getWeekStart
FN:46,LeagueScreen
FN:53,(anonymous_3)
FN:56,loadLeague
FN:71,(anonymous_5)
FN:89,(anonymous_6)
FN:102,(anonymous_7)
FN:115,(anonymous_8)
FN:117,(anonymous_9)
FN:175,(anonymous_10)
FN:203,(anonymous_11)
FNF:12
FNH:10
FNDA:24,getTier
FNDA:11,getWeekStart
FNDA:14,LeagueScreen
FNDA:7,(anonymous_3)
FNDA:7,loadLeague
FNDA:0,(anonymous_5)
FNDA:7,(anonymous_6)
FNDA:7,(anonymous_7)
FNDA:0,(anonymous_8)
FNDA:7,(anonymous_9)
FNDA:7,(anonymous_10)
FNDA:28,(anonymous_11)
DA:13,3
DA:22,24
DA:23,15
DA:24,11
DA:25,7
DA:26,3
DA:30,11
DA:31,11
DA:32,11
DA:33,11
DA:34,11
DA:47,14
DA:48,14
DA:49,14
DA:50,14
DA:52,14
DA:53,7
DA:57,7
DA:58,7
DA:59,7
DA:61,7
DA:62,7
DA:63,7
DA:65,7
DA:71,7
DA:72,0
DA:74,7
DA:76,7
DA:89,7
DA:91,7
DA:92,7
DA:93,7
DA:95,7
DA:96,0
DA:97,0
DA:98,0
DA:102,7
DA:103,7
DA:104,7
DA:105,7
DA:115,7
DA:116,7
DA:117,7
DA:118,7
DA:121,14
DA:122,7
DA:130,7
DA:131,7
DA:132,7
DA:134,7
DA:176,7
DA:177,7
DA:204,28
DA:221,3
LF:54
LH:50
BRDA:22,0,0,9
BRDA:22,0,1,15
BRDA:23,1,0,4
BRDA:23,1,1,11
BRDA:24,2,0,4
BRDA:24,2,1,7
BRDA:25,3,0,4
BRDA:25,3,1,3
BRDA:32,4,0,0
BRDA:32,4,1,11
BRDA:59,5,0,0
BRDA:59,5,1,7
BRDA:71,6,0,7
BRDA:71,6,1,0
BRDA:72,7,0,0
BRDA:72,7,1,0
BRDA:89,8,0,7
BRDA:89,8,1,0
BRDA:95,9,0,7
BRDA:95,9,1,0
BRDA:96,10,0,0
BRDA:96,10,1,0
BRDA:97,11,0,0
BRDA:97,11,1,0
BRDA:104,12,0,0
BRDA:104,12,1,7
BRDA:107,13,0,7
BRDA:107,13,1,0
BRDA:115,14,0,0
BRDA:115,14,1,0
BRDA:117,15,0,7
BRDA:117,15,1,0
BRDA:121,16,0,7
BRDA:121,16,1,7
BRDA:130,17,0,7
BRDA:130,17,1,0
BRDA:132,18,0,7
BRDA:132,18,1,0
BRDA:132,19,0,7
BRDA:132,19,1,7
BRDA:143,20,0,7
BRDA:143,20,1,7
BRDA:158,21,0,7
BRDA:158,21,1,7
BRDA:158,21,2,0
BRDA:160,22,0,0
BRDA:160,22,1,0
BRDA:162,23,0,0
BRDA:162,23,1,0
BRDA:162,24,0,0
BRDA:162,24,1,0
BRDA:167,25,0,7
BRDA:167,25,1,7
BRDA:180,26,0,7
BRDA:180,26,1,7
BRDA:185,27,0,7
BRDA:185,27,1,7
BRDA:186,28,0,7
BRDA:186,28,1,0
BRDA:191,29,0,0
BRDA:191,29,1,7
BRDA:192,30,0,0
BRDA:192,30,1,7
BRDA:194,31,0,7
BRDA:194,31,1,0
BRDA:208,32,0,21
BRDA:208,32,1,7
BRF:67
BRH:38
end_of_record
TN:
SF:src\screens\game\SentChallengesScreen.tsx
FN:23,SentChallengesScreen
FN:29,(anonymous_1)
FN:34,fetchSent
FN:47,(anonymous_3)
FN:48,(anonymous_4)
FN:55,(anonymous_5)
FN:56,(anonymous_6)
FN:59,(anonymous_7)
FN:82,(anonymous_8)
FN:85,(anonymous_9)
FN:89,(anonymous_10)
FN:129,(anonymous_11)
FNF:12
FNH:0
FNDA:0,SentChallengesScreen
FNDA:0,(anonymous_1)
FNDA:0,fetchSent
FNDA:0,(anonymous_3)
FNDA:0,(anonymous_4)
FNDA:0,(anonymous_5)
FNDA:0,(anonymous_6)
FNDA:0,(anonymous_7)
FNDA:0,(anonymous_8)
FNDA:0,(anonymous_9)
FNDA:0,(anonymous_10)
FNDA:0,(anonymous_11)
DA:24,0
DA:25,0
DA:26,0
DA:28,0
DA:30,0
DA:35,0
DA:36,0
DA:37,0
DA:39,0
DA:45,0
DA:47,0
DA:48,0
DA:50,0
DA:55,0
DA:56,0
DA:58,0
DA:59,0
DA:65,0
DA:68,0
DA:82,0
DA:86,0
DA:87,0
DA:89,0
DA:129,0
DA:141,0
LF:25
LH:0
BRDA:37,0,0,0
BRDA:37,0,1,0
BRDA:45,1,0,0
BRDA:45,1,1,0
BRDA:55,2,0,0
BRDA:55,2,1,0
BRDA:56,3,0,0
BRDA:56,3,1,0
BRDA:61,4,0,0
BRDA:61,4,1,0
BRDA:62,5,0,0
BRDA:62,5,1,0
BRDA:74,6,0,0
BRDA:74,6,1,0
BRDA:77,7,0,0
BRDA:77,7,1,0
BRDA:82,8,0,0
BRDA:82,8,1,0
BRDA:83,9,0,0
BRDA:83,9,1,0
BRDA:95,10,0,0
BRDA:95,10,1,0
BRDA:97,11,0,0
BRDA:97,11,1,0
BRDA:98,12,0,0
BRDA:98,12,1,0
BRDA:99,13,0,0
BRDA:99,13,1,0
BRDA:106,14,0,0
BRDA:106,14,1,0
BRDA:132,15,0,0
BRDA:132,15,1,0
BRF:32
BRH:0
end_of_record
TN:
SF:src\screens\game\UploadScreen.tsx
FN:34,getAllDrafts
FN:41,saveDraftToStore
FN:43,(anonymous_2)
FN:49,deleteDraft
FN:51,(anonymous_4)
FN:54,updateStreak
FN:85,UploadScreen
FN:89,(anonymous_7)
FN:91,(anonymous_8)
FN:101,(anonymous_9)
FN:106,(anonymous_10)
FN:109,(anonymous_11)
FN:110,(anonymous_12)
FN:113,checkDailyMoment
FN:126,loadSpecificDraft
FN:128,(anonymous_15)
FN:137,saveDraft
FN:150,(anonymous_17)
FN:153,clearDraft
FN:157,pickImage
FN:173,post
FN:250,(anonymous_21)
FN:252,(anonymous_22)
FN:268,(anonymous_23)
FN:268,(anonymous_24)
FN:342,(anonymous_25)
FN:346,(anonymous_26)
FN:364,(anonymous_27)
FNF:28
FNH:0
FNDA:0,getAllDrafts
FNDA:0,saveDraftToStore
FNDA:0,(anonymous_2)
FNDA:0,deleteDraft
FNDA:0,(anonymous_4)
FNDA:0,updateStreak
FNDA:0,UploadScreen
FNDA:0,(anonymous_7)
FNDA:0,(anonymous_8)
FNDA:0,(anonymous_9)
FNDA:0,(anonymous_10)
FNDA:0,(anonymous_11)
FNDA:0,(anonymous_12)
FNDA:0,checkDailyMoment
FNDA:0,loadSpecificDraft
FNDA:0,(anonymous_15)
FNDA:0,saveDraft
FNDA:0,(anonymous_17)
FNDA:0,clearDraft
FNDA:0,pickImage
FNDA:0,post
FNDA:0,(anonymous_21)
FNDA:0,(anonymous_22)
FNDA:0,(anonymous_23)
FNDA:0,(anonymous_24)
FNDA:0,(anonymous_25)
FNDA:0,(anonymous_26)
FNDA:0,(anonymous_27)
DA:22,0
DA:35,0
DA:36,0
DA:37,0
DA:38,0
DA:42,0
DA:43,0
DA:44,0
DA:45,0
DA:46,0
DA:50,0
DA:51,0
DA:55,0
DA:60,0
DA:62,0
DA:63,0
DA:65,0
DA:67,0
DA:68,0
DA:70,0
DA:79,0
DA:86,0
DA:87,0
DA:89,0
DA:90,0
DA:91,0
DA:92,0
DA:93,0
DA:94,0
DA:95,0
DA:96,0
DA:97,0
DA:98,0
DA:99,0
DA:101,0
DA:102,0
DA:103,0
DA:106,0
DA:107,0
DA:108,0
DA:109,0
DA:110,0
DA:114,0
DA:120,0
DA:121,0
DA:122,0
DA:127,0
DA:128,0
DA:129,0
DA:130,0
DA:131,0
DA:132,0
DA:133,0
DA:134,0
DA:138,0
DA:139,0
DA:148,0
DA:149,0
DA:150,0
DA:154,0
DA:158,0
DA:163,0
DA:164,0
DA:165,0
DA:166,0
DA:167,0
DA:168,0
DA:174,0
DA:176,0
DA:177,0
DA:178,0
DA:180,0
DA:181,0
DA:182,0
DA:185,0
DA:186,0
DA:187,0
DA:188,0
DA:190,0
DA:191,0
DA:193,0
DA:196,0
DA:198,0
DA:200,0
DA:213,0
DA:215,0
DA:216,0
DA:218,0
DA:219,0
DA:220,0
DA:221,0
DA:222,0
DA:224,0
DA:226,0
DA:230,0
DA:232,0
DA:250,0
DA:253,0
DA:254,0
DA:255,0
DA:256,0
DA:268,0
DA:343,0
DA:346,0
DA:364,0
DA:411,0
DA:412,0
DA:414,0
LF:108
LH:0
BRDA:37,0,0,0
BRDA:37,0,1,0
BRDA:44,1,0,0
BRDA:44,1,1,0
BRDA:60,2,0,0
BRDA:60,2,1,0
BRDA:65,3,0,0
BRDA:65,3,1,0
BRDA:67,4,0,0
BRDA:67,4,1,0
BRDA:67,5,0,0
BRDA:67,5,1,0
BRDA:68,6,0,0
BRDA:68,6,1,0
BRDA:89,7,0,0
BRDA:89,7,1,0
BRDA:102,8,0,0
BRDA:102,8,1,0
BRDA:107,9,0,0
BRDA:107,9,1,0
BRDA:107,10,0,0
BRDA:107,10,1,0
BRDA:108,11,0,0
BRDA:108,11,1,0
BRDA:110,12,0,0
BRDA:110,12,1,0
BRDA:120,13,0,0
BRDA:120,13,1,0
BRDA:129,14,0,0
BRDA:129,14,1,0
BRDA:133,15,0,0
BRDA:133,15,1,0
BRDA:134,16,0,0
BRDA:134,16,1,0
BRDA:138,17,0,0
BRDA:138,17,1,0
BRDA:138,18,0,0
BRDA:138,18,1,0
BRDA:141,19,0,0
BRDA:141,19,1,0
BRDA:163,20,0,0
BRDA:163,20,1,0
BRDA:166,21,0,0
BRDA:166,21,1,0
BRDA:168,22,0,0
BRDA:168,22,1,0
BRDA:174,23,0,0
BRDA:174,23,1,0
BRDA:176,24,0,0
BRDA:176,24,1,0
BRDA:176,25,0,0
BRDA:176,25,1,0
BRDA:180,26,0,0
BRDA:180,26,1,0
BRDA:180,27,0,0
BRDA:180,27,1,0
BRDA:188,28,0,0
BRDA:188,28,1,0
BRDA:196,29,0,0
BRDA:196,29,1,0
BRDA:204,30,0,0
BRDA:204,30,1,0
BRDA:204,31,0,0
BRDA:204,31,1,0
BRDA:207,32,0,0
BRDA:207,32,1,0
BRDA:210,33,0,0
BRDA:210,33,1,0
BRDA:213,34,0,0
BRDA:213,34,1,0
BRDA:230,35,0,0
BRDA:230,35,1,0
BRDA:238,36,0,0
BRDA:238,36,1,0
BRDA:247,37,0,0
BRDA:247,37,1,0
BRDA:247,37,2,0
BRDA:265,38,0,0
BRDA:265,38,1,0
BRDA:267,39,0,0
BRDA:267,39,1,0
BRDA:273,40,0,0
BRDA:273,40,1,0
BRDA:274,41,0,0
BRDA:274,41,1,0
BRDA:280,42,0,0
BRDA:280,42,1,0
BRDA:284,43,0,0
BRDA:284,43,1,0
BRDA:292,44,0,0
BRDA:292,44,1,0
BRDA:296,45,0,0
BRDA:296,45,1,0
BRDA:345,46,0,0
BRDA:345,46,1,0
BRDA:350,47,0,0
BRDA:350,47,1,0
BRDA:359,48,0,0
BRDA:359,48,1,0
BRDA:359,48,2,0
BRDA:371,49,0,0
BRDA:371,49,1,0
BRDA:371,49,2,0
BRDA:391,50,0,0
BRDA:391,50,1,0
BRDA:396,51,0,0
BRDA:396,51,1,0
BRF:107
BRH:0
end_of_record
TN:
SF:src\screens\profile\ProfileScreen.tsx
FN:15,ProfileScreen
FN:25,(anonymous_1)
FN:29,fetchProfile
FN:41,toggleBackup
FN:49,(anonymous_4)
FN:52,(anonymous_5)
FN:56,(anonymous_6)
FN:65,(anonymous_7)
FN:70,saveDisplayName
FN:85,(anonymous_9)
FN:91,pickAvatar
FN:122,(anonymous_11)
FN:130,signOut
FN:135,(anonymous_13)
FN:228,(anonymous_14)
FN:242,(anonymous_15)
FNF:16
FNH:4
FNDA:10,ProfileScreen
FNDA:5,(anonymous_1)
FNDA:5,fetchProfile
FNDA:0,toggleBackup
FNDA:0,(anonymous_4)
FNDA:0,(anonymous_5)
FNDA:0,(anonymous_6)
FNDA:0,(anonymous_7)
FNDA:0,saveDisplayName
FNDA:0,(anonymous_9)
FNDA:0,pickAvatar
FNDA:0,(anonymous_11)
FNDA:1,signOut
FNDA:0,(anonymous_13)
FNDA:0,(anonymous_14)
FNDA:0,(anonymous_15)
DA:16,10
DA:17,10
DA:18,10
DA:19,10
DA:20,10
DA:21,10
DA:22,10
DA:23,10
DA:25,10
DA:26,5
DA:30,5
DA:31,5
DA:32,5
DA:33,5
DA:34,5
DA:35,5
DA:36,5
DA:38,5
DA:42,0
DA:43,0
DA:44,0
DA:45,0
DA:49,0
DA:53,0
DA:54,0
DA:55,0
DA:56,0
DA:57,0
DA:63,0
DA:64,0
DA:65,0
DA:66,0
DA:71,0
DA:72,0
DA:73,0
DA:74,0
DA:76,0
DA:77,0
DA:82,0
DA:83,0
DA:85,0
DA:86,0
DA:88,0
DA:92,0
DA:93,0
DA:95,0
DA:102,0
DA:104,0
DA:105,0
DA:106,0
DA:107,0
DA:109,0
DA:110,0
DA:111,0
DA:114,0
DA:116,0
DA:117,0
DA:119,0
DA:120,0
DA:122,0
DA:124,0
DA:126,0
DA:131,1
DA:135,0
DA:140,10
DA:141,5
DA:148,5
DA:150,5
DA:228,0
DA:242,0
DA:307,1
LF:71
LH:24
BRDA:31,0,0,0
BRDA:31,0,1,5
BRDA:33,1,0,5
BRDA:33,1,1,0
BRDA:36,2,0,5
BRDA:36,2,1,0
BRDA:42,3,0,0
BRDA:42,3,1,0
BRDA:44,4,0,0
BRDA:44,4,1,0
BRDA:56,5,0,0
BRDA:56,5,1,0
BRDA:65,6,0,0
BRDA:65,6,1,0
BRDA:72,7,0,0
BRDA:72,7,1,0
BRDA:82,8,0,0
BRDA:82,8,1,0
BRDA:85,9,0,0
BRDA:85,9,1,0
BRDA:93,10,0,0
BRDA:93,10,1,0
BRDA:102,11,0,0
BRDA:102,11,1,0
BRDA:102,12,0,0
BRDA:102,12,1,0
BRDA:107,13,0,0
BRDA:107,13,1,0
BRDA:114,14,0,0
BRDA:114,14,1,0
BRDA:120,15,0,0
BRDA:120,15,1,0
BRDA:122,16,0,0
BRDA:122,16,1,0
BRDA:140,17,0,5
BRDA:140,17,1,5
BRDA:148,18,0,0
BRDA:148,18,1,5
BRDA:155,19,0,5
BRDA:155,19,1,0
BRDA:164,20,0,0
BRDA:164,20,1,5
BRDA:168,21,0,5
BRDA:168,21,1,0
BRDA:173,22,0,0
BRDA:173,22,1,5
BRDA:184,23,0,5
BRDA:184,23,1,5
BRDA:184,24,0,5
BRDA:184,24,1,0
BRDA:191,25,0,5
BRDA:191,25,1,0
BRDA:191,26,0,5
BRDA:191,26,1,5
BRDA:191,27,0,5
BRDA:191,27,1,0
BRDA:209,28,0,0
BRDA:209,28,1,5
BRDA:224,29,0,0
BRDA:224,29,1,5
BRDA:233,30,0,0
BRDA:233,30,1,0
BRDA:238,31,0,0
BRDA:238,31,1,0
BRDA:277,32,0,0
BRDA:277,32,1,5
BRDA:280,33,0,0
BRDA:280,33,1,5
BRF:68
BRH:21
end_of_record
TN:
SF:src\screens\profile\ProfileSetupScreen.tsx
FN:13,ProfileSetupScreen
FN:17,save
FNF:2
FNH:0
FNDA:0,ProfileSetupScreen
FNDA:0,save
DA:14,0
DA:15,0
DA:18,0
DA:19,0
DA:20,0
DA:21,0
DA:23,0
DA:24,0
DA:25,0
DA:27,0
DA:33,0
DA:34,0
DA:35,0
DA:37,0
DA:41,0
DA:43,0
DA:98,0
LF:17
LH:0
BRDA:19,0,0,0
BRDA:19,0,1,0
BRDA:25,1,0,0
BRDA:25,1,1,0
BRDA:33,2,0,0
BRDA:33,2,1,0
BRDA:41,3,0,0
BRDA:41,3,1,0
BRDA:46,4,0,0
BRDA:46,4,1,0
BRDA:54,5,0,0
BRDA:54,5,1,0
BRDA:78,6,0,0
BRDA:78,6,1,0
BRDA:85,7,0,0
BRDA:85,7,1,0
BRDA:90,8,0,0
BRDA:90,8,1,0
BRF:18
BRH:0
end_of_record
TN:
SF:src\types\index.ts
FNF:0
FNH:0
LF:0
LH:0
BRF:0
BRH:0
end_of_record
